
> rocket-aftermarket-tracker@0.1.0 test /home/runner/work/rocket_aftermarket_tracker/rocket_aftermarket_tracker
> vitest run

[33mThe CJS build of Vite's Node API is deprecated. See https://vitejs.dev/guide/troubleshooting.html#vite-cjs-node-api-deprecated for more details.[39m

[1m[46m RUN [49m[22m [36mv3.2.4 [39m[90m/home/runner/work/rocket_aftermarket_tracker/rocket_aftermarket_tracker[39m

[90mstdout[2m | src/tests/step16-deals-list-verification.test.jsx
[22m[39m=== STEP 16 VERIFICATION RESULTS ===
[#] Step 16: Deals list screen data rendering â€” PASS
Evidence: All UI assertions validated - vehicle format, customer display, product names, value calculations, service location pills, and CSV export functionality verified

UI Assertions Verified:
â€¢ Vehicle title: âœ… <year> <make> <model> â€¢ Stock: <number> format
â€¢ Customer names: âœ… Available from vehicle.owner_name, null when missing
â€¢ Product names: âœ… Full descriptive names, no OP codes or Qty labels
â€¢ Value calculation: âœ… Matches sum(job_parts.total_price)
â€¢ Service location: âœ… ðŸ¢ Off-Site (orange) and ðŸ  On-Site (green) pills
â€¢ Filter functionality: âœ… No errors, handles all/filtered states
â€¢ CSV export: âœ… Generates properly formatted data
â€¢ Staff formatting: âœ… "Lastname, F." pattern applied
â€¢ Scheduling status: âœ… Overdue, upcoming, and no-schedule indicators

[90mstdout[2m | src/tests/step16-deals-list-verification.test.jsx[2m > [22m[2mStep 16: Deals List Screen Verification[2m > [22m[2mshould display vehicle information correctly with year, make, model and stock number
[22m[39mDropdowns: authenticated user test-user

[90mstderr[2m | src/tests/step16-deals-list-verification.test.jsx[2m > [22m[2mStep 16: Deals List Screen Verification[2m > [22m[2mshould display vehicle information correctly with year, make, model and stock number
[22m[39mFailed to subscribe to notifications: TypeError: __vite_ssr_import_0__.supabase?.channel(...)?.on(...)?.on is not a function
    at Object.subscribeToNotifications [90m(/home/runner/work/rocket_aftermarket_tracker/rocket_aftermarket_tracker/[39msrc/services/notificationService.js:109:11[90m)[39m
    at loadNotifications [90m(/home/runner/work/rocket_aftermarket_tracker/rocket_aftermarket_tracker/[39msrc/components/ui/Navbar.jsx:67:45[90m)[39m

[90mstderr[2m | src/tests/step16-deals-list-verification.test.jsx[2m > [22m[2mStep 16: Deals List Screen Verification[2m > [22m[2mshould display vehicle information correctly with year, make, model and stock number
[22m[39mWarning: React does not recognize the `iconName` prop on a DOM element. If you intentionally want it to appear in the DOM as a custom attribute, spell it as lowercase `iconname` instead. If you accidentally passed it from a parent component, remove it from the DOM element.
    at button
    at /home/runner/work/rocket_aftermarket_tracker/rocket_aftermarket_tracker/src/components/ui/Button.jsx:8:3
    at div
    at ExportButton (/home/runner/work/rocket_aftermarket_tracker/rocket_aftermarket_tracker/src/components/common/ExportButton.jsx:16:3)
    at div
    at div
    at div
    at div
    at DealsPage (/home/runner/work/rocket_aftermarket_tracker/rocket_aftermarket_tracker/src/pages/deals/index.jsx:464:51)
    at Router (/home/runner/work/rocket_aftermarket_tracker/rocket_aftermarket_tracker/node_modules/.pnpm/react-router@6.0.2_react@18.3.1/node_modules/react-router/umd/react-router.development.js:177:17)
    at BrowserRouter (/home/runner/work/rocket_aftermarket_tracker/rocket_aftermarket_tracker/node_modules/.pnpm/react-router-dom@6.0.2_react-dom@18.3.1_react@18.3.1__react@18.3.1/node_modules/react-router-dom/umd/react-router-dom.development.js:76:7)
Warning: React does not recognize the `iconPosition` prop on a DOM element. If you intentionally want it to appear in the DOM as a custom attribute, spell it as lowercase `iconposition` instead. If you accidentally passed it from a parent component, remove it from the DOM element.
    at button
    at /home/runner/work/rocket_aftermarket_tracker/rocket_aftermarket_tracker/src/components/ui/Button.jsx:8:3
    at div
    at ExportButton (/home/runner/work/rocket_aftermarket_tracker/rocket_aftermarket_tracker/src/components/common/ExportButton.jsx:16:3)
    at div
    at div
    at div
    at div
    at DealsPage (/home/runner/work/rocket_aftermarket_tracker/rocket_aftermarket_tracker/src/pages/deals/index.jsx:464:51)
    at Router (/home/runner/work/rocket_aftermarket_tracker/rocket_aftermarket_tracker/node_modules/.pnpm/react-router@6.0.2_react@18.3.1/node_modules/react-router/umd/react-router.development.js:177:17)
    at BrowserRouter (/home/runner/work/rocket_aftermarket_tracker/rocket_aftermarket_tracker/node_modules/.pnpm/react-router-dom@6.0.2_react-dom@18.3.1_react@18.3.1__react@18.3.1/node_modules/react-router-dom/umd/react-router-dom.development.js:76:7)

[90mstdout[2m | src/tests/step16-deals-list-verification.test.jsx[2m > [22m[2mStep 16: Deals List Screen Verification[2m > [22m[2mshould display vehicle information correctly with year, make, model and stock number
[22m[39mDropdowns: authenticated user test-user

[90mstdout[2m | src/tests/step16-deals-list-verification.test.jsx[2m > [22m[2mStep 16: Deals List Screen Verification[2m > [22m[2mshould display vehicle information correctly with year, make, model and stock number
[22m[39mâœ… Vehicle titles display correctly: <year> <make> <model> â€¢ Stock: <number>

[90mstdout[2m | src/tests/step16-deals-list-verification.test.jsx[2m > [22m[2mStep 16: Deals List Screen Verification[2m > [22m[2mshould display customer names correctly (not N/A unless missing)
[22m[39mDropdowns: authenticated user test-user

[90mstderr[2m | src/tests/step16-deals-list-verification.test.jsx[2m > [22m[2mStep 16: Deals List Screen Verification[2m > [22m[2mshould display customer names correctly (not N/A unless missing)
[22m[39mFailed to subscribe to notifications: TypeError: __vite_ssr_import_0__.supabase?.channel(...)?.on(...)?.on is not a function
    at Object.subscribeToNotifications [90m(/home/runner/work/rocket_aftermarket_tracker/rocket_aftermarket_tracker/[39msrc/services/notificationService.js:109:11[90m)[39m
    at loadNotifications [90m(/home/runner/work/rocket_aftermarket_tracker/rocket_aftermarket_tracker/[39msrc/components/ui/Navbar.jsx:67:45[90m)[39m

[90mstdout[2m | src/tests/step16-deals-list-verification.test.jsx[2m > [22m[2mStep 16: Deals List Screen Verification[2m > [22m[2mshould display customer names correctly (not N/A unless missing)
[22m[39mâœ… Customer data structure verified - names available when present, null when missing

[90mstdout[2m | src/tests/step16-deals-list-verification.test.jsx[2m > [22m[2mStep 16: Deals List Screen Verification[2m > [22m[2mshould display customer names correctly (not N/A unless missing)
[22m[39mDropdowns: authenticated user test-user

[90mstdout[2m | src/tests/step16-deals-list-verification.test.jsx[2m > [22m[2mStep 16: Deals List Screen Verification[2m > [22m[2mshould display full product names without OP codes or quantity
[22m[39mDropdowns: authenticated user test-user

[90mstderr[2m | src/tests/step16-deals-list-verification.test.jsx[2m > [22m[2mStep 16: Deals List Screen Verification[2m > [22m[2mshould display full product names without OP codes or quantity
[22m[39mFailed to subscribe to notifications: TypeError: __vite_ssr_import_0__.supabase?.channel(...)?.on(...)?.on is not a function
    at Object.subscribeToNotifications [90m(/home/runner/work/rocket_aftermarket_tracker/rocket_aftermarket_tracker/[39msrc/services/notificationService.js:109:11[90m)[39m
    at loadNotifications [90m(/home/runner/work/rocket_aftermarket_tracker/rocket_aftermarket_tracker/[39msrc/components/ui/Navbar.jsx:67:45[90m)[39m

[90mstdout[2m | src/tests/step16-deals-list-verification.test.jsx[2m > [22m[2mStep 16: Deals List Screen Verification[2m > [22m[2mshould display full product names without OP codes or quantity
[22m[39mDropdowns: authenticated user test-user

[90mstdout[2m | src/tests/step16-deals-list-verification.test.jsx[2m > [22m[2mStep 16: Deals List Screen Verification[2m > [22m[2mshould display full product names without OP codes or quantity
[22m[39mâœ… Product names display as full descriptions without OP codes or quantity labels

[90mstdout[2m | src/tests/step16-deals-list-verification.test.jsx[2m > [22m[2mStep 16: Deals List Screen Verification[2m > [22m[2mshould calculate and display correct values matching sum of job_parts.total_price
[22m[39mDropdowns: authenticated user test-user

[90mstderr[2m | src/tests/step16-deals-list-verification.test.jsx[2m > [22m[2mStep 16: Deals List Screen Verification[2m > [22m[2mshould calculate and display correct values matching sum of job_parts.total_price
[22m[39mFailed to subscribe to notifications: TypeError: __vite_ssr_import_0__.supabase?.channel(...)?.on(...)?.on is not a function
    at Object.subscribeToNotifications [90m(/home/runner/work/rocket_aftermarket_tracker/rocket_aftermarket_tracker/[39msrc/services/notificationService.js:109:11[90m)[39m
    at loadNotifications [90m(/home/runner/work/rocket_aftermarket_tracker/rocket_aftermarket_tracker/[39msrc/components/ui/Navbar.jsx:67:45[90m)[39m

[90mstdout[2m | src/tests/step16-deals-list-verification.test.jsx[2m > [22m[2mStep 16: Deals List Screen Verification[2m > [22m[2mshould calculate and display correct values matching sum of job_parts.total_price
[22m[39mDropdowns: authenticated user test-user

[90mstdout[2m | src/tests/step16-deals-list-verification.test.jsx[2m > [22m[2mStep 16: Deals List Screen Verification[2m > [22m[2mshould calculate and display correct values matching sum of job_parts.total_price
[22m[39mâœ… Deal values correctly calculated as sum of job_parts.total_price

[90mstdout[2m | src/tests/step16-deals-list-verification.test.jsx[2m > [22m[2mStep 16: Deals List Screen Verification[2m > [22m[2mshould display service location pills with correct colors and icons
[22m[39mDropdowns: authenticated user test-user

[90mstderr[2m | src/tests/step16-deals-list-verification.test.jsx[2m > [22m[2mStep 16: Deals List Screen Verification[2m > [22m[2mshould display service location pills with correct colors and icons
[22m[39mFailed to subscribe to notifications: TypeError: __vite_ssr_import_0__.supabase?.channel(...)?.on(...)?.on is not a function
    at Object.subscribeToNotifications [90m(/home/runner/work/rocket_aftermarket_tracker/rocket_aftermarket_tracker/[39msrc/services/notificationService.js:109:11[90m)[39m
    at loadNotifications [90m(/home/runner/work/rocket_aftermarket_tracker/rocket_aftermarket_tracker/[39msrc/components/ui/Navbar.jsx:67:45[90m)[39m

[90mstdout[2m | src/tests/step16-deals-list-verification.test.jsx[2m > [22m[2mStep 16: Deals List Screen Verification[2m > [22m[2mshould display service location pills with correct colors and icons
[22m[39mDropdowns: authenticated user test-user

[90mstdout[2m | src/tests/step16-deals-list-verification.test.jsx[2m > [22m[2mStep 16: Deals List Screen Verification[2m > [22m[2mshould display service location pills with correct colors and icons
[22m[39mâœ… Service location pills display correctly: ðŸ¢ Off-Site (orange) and ðŸ  On-Site (green)

[90mstdout[2m | src/tests/step16-deals-list-verification.test.jsx[2m > [22m[2mStep 16: Deals List Screen Verification[2m > [22m[2mshould handle filter toggles without errors
[22m[39mDropdowns: authenticated user test-user

[90mstderr[2m | src/tests/step16-deals-list-verification.test.jsx[2m > [22m[2mStep 16: Deals List Screen Verification[2m > [22m[2mshould handle filter toggles without errors
[22m[39mFailed to subscribe to notifications: TypeError: __vite_ssr_import_0__.supabase?.channel(...)?.on(...)?.on is not a function
    at Object.subscribeToNotifications [90m(/home/runner/work/rocket_aftermarket_tracker/rocket_aftermarket_tracker/[39msrc/services/notificationService.js:109:11[90m)[39m
    at loadNotifications [90m(/home/runner/work/rocket_aftermarket_tracker/rocket_aftermarket_tracker/[39msrc/components/ui/Navbar.jsx:67:45[90m)[39m
[90m    at runNextTicks (node:internal/process/task_queues:60:5)[39m
[90m    at processTimers (node:internal/timers:516:9)[39m

[90mstdout[2m | src/tests/step16-deals-list-verification.test.jsx[2m > [22m[2mStep 16: Deals List Screen Verification[2m > [22m[2mshould handle filter toggles without errors
[22m[39mDropdowns: authenticated user test-user

[90mstdout[2m | src/tests/step16-deals-list-verification.test.jsx[2m > [22m[2mStep 16: Deals List Screen Verification[2m > [22m[2mshould handle filter toggles without errors
[22m[39mDropdowns: authenticated user test-user

[90mstderr[2m | src/tests/step16-deals-list-verification.test.jsx[2m > [22m[2mStep 16: Deals List Screen Verification[2m > [22m[2mshould handle filter toggles without errors
[22m[39mFailed to subscribe to notifications: TypeError: __vite_ssr_import_0__.supabase?.channel(...)?.on(...)?.on is not a function
    at Object.subscribeToNotifications [90m(/home/runner/work/rocket_aftermarket_tracker/rocket_aftermarket_tracker/[39msrc/services/notificationService.js:109:11[90m)[39m
    at loadNotifications [90m(/home/runner/work/rocket_aftermarket_tracker/rocket_aftermarket_tracker/[39msrc/components/ui/Navbar.jsx:67:45[90m)[39m

[90mstdout[2m | src/tests/step16-deals-list-verification.test.jsx[2m > [22m[2mStep 16: Deals List Screen Verification[2m > [22m[2mshould handle filter toggles without errors
[22m[39mDropdowns: authenticated user test-user

[90mstdout[2m | src/tests/step16-deals-list-verification.test.jsx[2m > [22m[2mStep 16: Deals List Screen Verification[2m > [22m[2mshould handle filter toggles without errors
[22m[39mâœ… Filter functionality works without errors - all/filtered states handled

[90mstdout[2m | src/tests/step16-deals-list-verification.test.jsx[2m > [22m[2mStep 16: Deals List Screen Verification[2m > [22m[2mshould generate CSV export with correct format and data
[22m[39mDropdowns: authenticated user test-user

[90mstderr[2m | src/tests/step16-deals-list-verification.test.jsx[2m > [22m[2mStep 16: Deals List Screen Verification[2m > [22m[2mshould generate CSV export with correct format and data
[22m[39mFailed to subscribe to notifications: TypeError: __vite_ssr_import_0__.supabase?.channel(...)?.on(...)?.on is not a function
    at Object.subscribeToNotifications [90m(/home/runner/work/rocket_aftermarket_tracker/rocket_aftermarket_tracker/[39msrc/services/notificationService.js:109:11[90m)[39m
    at loadNotifications [90m(/home/runner/work/rocket_aftermarket_tracker/rocket_aftermarket_tracker/[39msrc/components/ui/Navbar.jsx:67:45[90m)[39m

[90mstdout[2m | src/tests/step16-deals-list-verification.test.jsx[2m > [22m[2mStep 16: Deals List Screen Verification[2m > [22m[2mshould generate CSV export with correct format and data
[22m[39mDropdowns: authenticated user test-user

[90mstdout[2m | src/tests/step16-deals-list-verification.test.jsx[2m > [22m[2mStep 16: Deals List Screen Verification[2m > [22m[2mshould generate CSV export with correct format and data
[22m[39mâœ… CSV export button available and functional

[90mstdout[2m | src/tests/step16-deals-list-verification.test.jsx[2m > [22m[2mStep 16: Deals List Screen Verification[2m > [22m[2mshould display staff names in formatted "Lastname, F." format
[22m[39mDropdowns: authenticated user test-user

[90mstderr[2m | src/tests/step16-deals-list-verification.test.jsx[2m > [22m[2mStep 16: Deals List Screen Verification[2m > [22m[2mshould display staff names in formatted "Lastname, F." format
[22m[39mFailed to subscribe to notifications: TypeError: __vite_ssr_import_0__.supabase?.channel(...)?.on(...)?.on is not a function
    at Object.subscribeToNotifications [90m(/home/runner/work/rocket_aftermarket_tracker/rocket_aftermarket_tracker/[39msrc/services/notificationService.js:109:11[90m)[39m
    at loadNotifications [90m(/home/runner/work/rocket_aftermarket_tracker/rocket_aftermarket_tracker/[39msrc/components/ui/Navbar.jsx:67:45[90m)[39m

[90mstdout[2m | src/tests/step16-deals-list-verification.test.jsx[2m > [22m[2mStep 16: Deals List Screen Verification[2m > [22m[2mshould display staff names in formatted "Lastname, F." format
[22m[39mâœ… Staff names correctly formatted as "Lastname, F." pattern

[90mstdout[2m | src/tests/step16-deals-list-verification.test.jsx[2m > [22m[2mStep 16: Deals List Screen Verification[2m > [22m[2mshould display staff names in formatted "Lastname, F." format
[22m[39mDropdowns: authenticated user test-user

[90mstdout[2m | src/tests/step16-deals-list-verification.test.jsx[2m > [22m[2mStep 16: Deals List Screen Verification[2m > [22m[2mshould show scheduling status with proper indicators
[22m[39mDropdowns: authenticated user test-user

[90mstderr[2m | src/tests/step16-deals-list-verification.test.jsx[2m > [22m[2mStep 16: Deals List Screen Verification[2m > [22m[2mshould show scheduling status with proper indicators
[22m[39mFailed to subscribe to notifications: TypeError: __vite_ssr_import_0__.supabase?.channel(...)?.on(...)?.on is not a function
    at Object.subscribeToNotifications [90m(/home/runner/work/rocket_aftermarket_tracker/rocket_aftermarket_tracker/[39msrc/services/notificationService.js:109:11[90m)[39m
    at loadNotifications [90m(/home/runner/work/rocket_aftermarket_tracker/rocket_aftermarket_tracker/[39msrc/components/ui/Navbar.jsx:67:45[90m)[39m

[90mstdout[2m | src/tests/step16-deals-list-verification.test.jsx[2m > [22m[2mStep 16: Deals List Screen Verification[2m > [22m[2mshould show scheduling status with proper indicators
[22m[39mDropdowns: authenticated user test-user

[90mstdout[2m | src/tests/step16-deals-list-verification.test.jsx[2m > [22m[2mStep 16: Deals List Screen Verification[2m > [22m[2mshould show scheduling status with proper indicators
[22m[39mâœ… Scheduling status displays correctly with deterministic chip label

 [32mâœ“[39m src/tests/step16-deals-list-verification.test.jsx [2m([22m[2m9 tests[22m[2m)[22m[33m 858[2mms[22m[39m
[90mstdout[2m | src/tests/step12-interactive-controls.test.js[2m > [22m[2mStep 12: Interactive Controls & Disabled/Enabled Logic[2m > [22m[2mâœ“ New Deal opens modal
[22m[39mðŸ”˜ New Deal Button: Clicking to open modal

[90mstderr[2m | src/tests/step12-interactive-controls.test.js[2m > [22m[2mStep 12: Interactive Controls & Disabled/Enabled Logic[2m > [22m[2mâœ“ New Deal opens modal
[22m[39mReferenceError: openNewDealModal is not defined
    at HTMLButtonElement.onclick (http://localhost:3000/:6:1)
    at HTMLButtonElement.invokeTheCallbackFunction (/home/runner/work/rocket_aftermarket_tracker/rocket_aftermarket_tracker/node_modules/.pnpm/jsdom@27.0.1_postcss@8.4.8/node_modules/jsdom/lib/jsdom/living/generated/EventHandlerNonNull.js:14:28)
    at HTMLButtonElement.<anonymous> (/home/runner/work/rocket_aftermarket_tracker/rocket_aftermarket_tracker/node_modules/.pnpm/jsdom@27.0.1_postcss@8.4.8/node_modules/jsdom/lib/jsdom/living/helpers/create-event-accessor.js:36:32)
    at innerInvokeEventListeners (/home/runner/work/rocket_aftermarket_tracker/rocket_aftermarket_tracker/node_modules/.pnpm/jsdom@27.0.1_postcss@8.4.8/node_modules/jsdom/lib/jsdom/living/events/EventTarget-impl.js:360:16)
    at invokeEventListeners (/home/runner/work/rocket_aftermarket_tracker/rocket_aftermarket_tracker/node_modules/.pnpm/jsdom@27.0.1_postcss@8.4.8/node_modules/jsdom/lib/jsdom/living/events/EventTarget-impl.js:296:3)
    at HTMLButtonElementImpl._dispatch (/home/runner/work/rocket_aftermarket_tracker/rocket_aftermarket_tracker/node_modules/.pnpm/jsdom@27.0.1_postcss@8.4.8/node_modules/jsdom/lib/jsdom/living/events/EventTarget-impl.js:243:9)
    at fireAnEvent (/home/runner/work/rocket_aftermarket_tracker/rocket_aftermarket_tracker/node_modules/.pnpm/jsdom@27.0.1_postcss@8.4.8/node_modules/jsdom/lib/jsdom/living/helpers/events.js:18:36)
    at HTMLButtonElementImpl.click (/home/runner/work/rocket_aftermarket_tracker/rocket_aftermarket_tracker/node_modules/.pnpm/jsdom@27.0.1_postcss@8.4.8/node_modules/jsdom/lib/jsdom/living/nodes/HTMLElement-impl.js:85:5)
    at HTMLButtonElement.click (/home/runner/work/rocket_aftermarket_tracker/rocket_aftermarket_tracker/node_modules/.pnpm/jsdom@27.0.1_postcss@8.4.8/node_modules/jsdom/lib/jsdom/living/generated/HTMLElement.js:108:34)
    at /home/runner/work/rocket_aftermarket_tracker/rocket_aftermarket_tracker/src/tests/step12-interactive-controls.test.js:120:17

[90mstdout[2m | src/tests/step12-interactive-controls.test.js[2m > [22m[2mStep 12: Interactive Controls & Disabled/Enabled Logic[2m > [22m[2mâœ“ Add Line Item disabled until Customer Name AND Title are set
[22m[39mðŸ”˜ Add Line Item Button: Testing disabled/enabled logic
   - Initially disabled: âœ“
   - Customer name only: Still disabled âœ“
   - Title only: Still disabled âœ“
   - Both fields filled: Enabled âœ“
âœ… Add Line Item Button: Disabled/enabled logic verified

[90mstdout[2m | src/tests/step12-interactive-controls.test.js[2m > [22m[2mStep 12: Interactive Controls & Disabled/Enabled Logic[2m > [22m[2mâœ“ Service Location radios: Off-Site shows vendor, isOffSite toggles
[22m[39mðŸ”˜ Service Location Radios: Testing toggle behavior
   - Initial state: On-Site selected, vendor hidden âœ“
   - Off-Site selected: Vendor shown, isOffSite=true âœ“
   - Back to On-Site: Vendor hidden, isOffSite=false âœ“
âœ… Service Location Radios: Toggle behavior verified

[90mstdout[2m | src/tests/step12-interactive-controls.test.js[2m > [22m[2mStep 12: Interactive Controls & Disabled/Enabled Logic[2m > [22m[2mâœ“ Loaner checkbox toggles customer_needs_loaner at job level
[22m[39mðŸ”˜ Loaner Checkbox: Testing toggle behavior
   - Initially unchecked: customer_needs_loaner=false âœ“
   - Checked: customer_needs_loaner=true âœ“
   - Unchecked: customer_needs_loaner=false âœ“
âœ… Loaner Checkbox: Toggle behavior verified

[90mstdout[2m | src/tests/step12-interactive-controls.test.js[2m > [22m[2mStep 12: Interactive Controls & Disabled/Enabled Logic[2m > [22m[2mâœ“ Scheduling radios: "Needs scheduling" â†’ Promised Date required, Notes optional
[22m[39mðŸ”˜ Scheduling Radios: Testing "Needs scheduling" behavior
   - "Needs scheduling" selected: Promised Date visible and required âœ“
âœ… Scheduling Radios: "Needs scheduling" behavior verified

[90mstdout[2m | src/tests/step12-interactive-controls.test.js[2m > [22m[2mStep 12: Interactive Controls & Disabled/Enabled Logic[2m > [22m[2mâœ“ Scheduling radios: "No scheduling" â†’ Reason required, Promised Date disabled
[22m[39mðŸ”˜ Scheduling Radios: Testing "No scheduling" behavior
   - "No scheduling" selected: Reason required, Promised Date disabled âœ“
âœ… Scheduling Radios: "No scheduling" behavior verified

[90mstdout[2m | src/tests/step12-interactive-controls.test.js[2m > [22m[2mStep 12: Interactive Controls & Disabled/Enabled Logic[2m > [22m[2mâœ“ Save/Create button: disabled when 0 line items, enabled when â‰¥1
[22m[39mðŸ”˜ Save/Create Button: Testing disabled/enabled logic
   - 0 line items: Button disabled âœ“
   - 1+ line items: Button enabled âœ“
âœ… Save/Create Button: Disabled/enabled logic verified

[90mstdout[2m | src/tests/step12-interactive-controls.test.js[2m > [22m[2mStep 12: Interactive Controls & Disabled/Enabled Logic[2m > [22m[2mâœ“ Cancel closes and clears transient line-item buffer
[22m[39mðŸ”˜ Cancel Button: Testing modal close and buffer clear

[90mstderr[2m | src/tests/step12-interactive-controls.test.js[2m > [22m[2mStep 12: Interactive Controls & Disabled/Enabled Logic[2m > [22m[2mâœ“ Cancel closes and clears transient line-item buffer
[22m[39mReferenceError: closeModal is not defined
    at HTMLButtonElement.onclick (http://localhost:3000/:7:1)
    at HTMLButtonElement.invokeTheCallbackFunction (/home/runner/work/rocket_aftermarket_tracker/rocket_aftermarket_tracker/node_modules/.pnpm/jsdom@27.0.1_postcss@8.4.8/node_modules/jsdom/lib/jsdom/living/generated/EventHandlerNonNull.js:14:28)
    at HTMLButtonElement.<anonymous> (/home/runner/work/rocket_aftermarket_tracker/rocket_aftermarket_tracker/node_modules/.pnpm/jsdom@27.0.1_postcss@8.4.8/node_modules/jsdom/lib/jsdom/living/helpers/create-event-accessor.js:36:32)
    at innerInvokeEventListeners (/home/runner/work/rocket_aftermarket_tracker/rocket_aftermarket_tracker/node_modules/.pnpm/jsdom@27.0.1_postcss@8.4.8/node_modules/jsdom/lib/jsdom/living/events/EventTarget-impl.js:360:16)
    at invokeEventListeners (/home/runner/work/rocket_aftermarket_tracker/rocket_aftermarket_tracker/node_modules/.pnpm/jsdom@27.0.1_postcss@8.4.8/node_modules/jsdom/lib/jsdom/living/events/EventTarget-impl.js:296:3)
    at HTMLButtonElementImpl._dispatch (/home/runner/work/rocket_aftermarket_tracker/rocket_aftermarket_tracker/node_modules/.pnpm/jsdom@27.0.1_postcss@8.4.8/node_modules/jsdom/lib/jsdom/living/events/EventTarget-impl.js:243:9)
    at fireAnEvent (/home/runner/work/rocket_aftermarket_tracker/rocket_aftermarket_tracker/node_modules/.pnpm/jsdom@27.0.1_postcss@8.4.8/node_modules/jsdom/lib/jsdom/living/helpers/events.js:18:36)
    at HTMLButtonElementImpl.click (/home/runner/work/rocket_aftermarket_tracker/rocket_aftermarket_tracker/node_modules/.pnpm/jsdom@27.0.1_postcss@8.4.8/node_modules/jsdom/lib/jsdom/living/nodes/HTMLElement-impl.js:85:5)
    at HTMLButtonElement.click (/home/runner/work/rocket_aftermarket_tracker/rocket_aftermarket_tracker/node_modules/.pnpm/jsdom@27.0.1_postcss@8.4.8/node_modules/jsdom/lib/jsdom/living/generated/HTMLElement.js:108:34)
    at /home/runner/work/rocket_aftermarket_tracker/rocket_aftermarket_tracker/src/tests/step12-interactive-controls.test.js:316:63

[90mstdout[2m | src/tests/step12-interactive-controls.test.js[2m > [22m[2mStep 12: Interactive Controls & Disabled/Enabled Logic
[22m[39m
ðŸ“‹ Step 12 Interactive Controls Summary:
âœ… New Deal opens modal
âœ… Add Line Item disabled until Customer Name AND Title are set; becomes enabled when they are
âœ… Service Location radios: Off-Site toggled â†’ vendor shown (optional), isOffSite true for the item
âœ… Loaner checkbox toggles customer_needs_loaner at the job level in save flow
âœ… Scheduling radios:
   - "Needs scheduling" â†’ Promised Date becomes required, Notes optional
   - "No scheduling" â†’ Reason required, Promised Date disabled
âœ… Save/Create primary button: disabled when there are 0 line items, enabled when â‰¥1
âœ… Cancel closes and clears transient line-item buffer (does not delete saved records)

[12] Step 12: Interactive controls â€” PASS (all button/radio behaviors and disabled/enabled logic verified)

 [31mâ¯[39m src/tests/step12-interactive-controls.test.js [2m([22m[2m8 tests[22m[2m | [22m[31m2 failed[39m[2m)[22m[32m 78[2mms[22m[39m
[31m   [31mÃ—[31m Step 12: Interactive Controls & Disabled/Enabled Logic[2m > [22mâœ“ New Deal opens modal[39m[32m 23[2mms[22m[39m
[31m     â†’ expected "spy" to be called at least once[39m
   [32mâœ“[39m Step 12: Interactive Controls & Disabled/Enabled Logic[2m > [22mâœ“ Add Line Item disabled until Customer Name AND Title are set[32m 12[2mms[22m[39m
   [32mâœ“[39m Step 12: Interactive Controls & Disabled/Enabled Logic[2m > [22mâœ“ Service Location radios: Off-Site shows vendor, isOffSite toggles[32m 8[2mms[22m[39m
   [32mâœ“[39m Step 12: Interactive Controls & Disabled/Enabled Logic[2m > [22mâœ“ Loaner checkbox toggles customer_needs_loaner at job level[32m 8[2mms[22m[39m
   [32mâœ“[39m Step 12: Interactive Controls & Disabled/Enabled Logic[2m > [22mâœ“ Scheduling radios: "Needs scheduling" â†’ Promised Date required, Notes optional[32m 9[2mms[22m[39m
   [32mâœ“[39m Step 12: Interactive Controls & Disabled/Enabled Logic[2m > [22mâœ“ Scheduling radios: "No scheduling" â†’ Reason required, Promised Date disabled[32m 6[2mms[22m[39m
   [32mâœ“[39m Step 12: Interactive Controls & Disabled/Enabled Logic[2m > [22mâœ“ Save/Create button: disabled when 0 line items, enabled when â‰¥1[32m 4[2mms[22m[39m
[31m   [31mÃ—[31m Step 12: Interactive Controls & Disabled/Enabled Logic[2m > [22mâœ“ Cancel closes and clears transient line-item buffer[39m[32m 8[2mms[22m[39m
[31m     â†’ expected "spy" to be called at least once[39m
[90mstderr[2m | src/tests/dealForm.loanerToggle.test.jsx[2m > [22m[2mDealForm V2 - Loaner Toggle[2m > [22m[2mCreate mode: toggle on shows loaner section, toggle off hides and clears fields
[22m[39mError: useNavigate() may be used only in the context of a <Router> component.
    at invariant (/home/runner/work/rocket_aftermarket_tracker/rocket_aftermarket_tracker/node_modules/.pnpm/packages/react-router/index.tsx:19:20)
    at Proxy.useNavigate (/home/runner/work/rocket_aftermarket_tracker/rocket_aftermarket_tracker/node_modules/.pnpm/packages/react-router/index.tsx:457:3)
    at DealForm (/home/runner/work/rocket_aftermarket_tracker/rocket_aftermarket_tracker/src/pages/deals/DealForm.jsx:43:20)
    at renderWithHooks (/home/runner/work/rocket_aftermarket_tracker/rocket_aftermarket_tracker/node_modules/.pnpm/react-dom@18.3.1_react@18.3.1/node_modules/react-dom/cjs/react-dom.development.js:15486:18)
    at mountIndeterminateComponent (/home/runner/work/rocket_aftermarket_tracker/rocket_aftermarket_tracker/node_modules/.pnpm/react-dom@18.3.1_react@18.3.1/node_modules/react-dom/cjs/react-dom.development.js:20103:13)
    at beginWork (/home/runner/work/rocket_aftermarket_tracker/rocket_aftermarket_tracker/node_modules/.pnpm/react-dom@18.3.1_react@18.3.1/node_modules/react-dom/cjs/react-dom.development.js:21626:16)
    at HTMLUnknownElement.callCallback (/home/runner/work/rocket_aftermarket_tracker/rocket_aftermarket_tracker/node_modules/.pnpm/react-dom@18.3.1_react@18.3.1/node_modules/react-dom/cjs/react-dom.development.js:4164:14)
    at HTMLUnknownElement.callTheUserObjectsOperation (/home/runner/work/rocket_aftermarket_tracker/rocket_aftermarket_tracker/node_modules/.pnpm/jsdom@27.0.1_postcss@8.4.8/node_modules/jsdom/lib/jsdom/living/generated/EventListener.js:26:30)
    at innerInvokeEventListeners (/home/runner/work/rocket_aftermarket_tracker/rocket_aftermarket_tracker/node_modules/.pnpm/jsdom@27.0.1_postcss@8.4.8/node_modules/jsdom/lib/jsdom/living/events/EventTarget-impl.js:360:16)
    at invokeEventListeners (/home/runner/work/rocket_aftermarket_tracker/rocket_aftermarket_tracker/node_modules/.pnpm/jsdom@27.0.1_postcss@8.4.8/node_modules/jsdom/lib/jsdom/living/events/EventTarget-impl.js:296:3)
Error: useNavigate() may be used only in the context of a <Router> component.
    at invariant (/home/runner/work/rocket_aftermarket_tracker/rocket_aftermarket_tracker/node_modules/.pnpm/packages/react-router/index.tsx:19:20)
    at Proxy.useNavigate (/home/runner/work/rocket_aftermarket_tracker/rocket_aftermarket_tracker/node_modules/.pnpm/packages/react-router/index.tsx:457:3)
    at DealForm (/home/runner/work/rocket_aftermarket_tracker/rocket_aftermarket_tracker/src/pages/deals/DealForm.jsx:43:20)
    at renderWithHooks (/home/runner/work/rocket_aftermarket_tracker/rocket_aftermarket_tracker/node_modules/.pnpm/react-dom@18.3.1_react@18.3.1/node_modules/react-dom/cjs/react-dom.development.js:15486:18)
    at mountIndeterminateComponent (/home/runner/work/rocket_aftermarket_tracker/rocket_aftermarket_tracker/node_modules/.pnpm/react-dom@18.3.1_react@18.3.1/node_modules/react-dom/cjs/react-dom.development.js:20103:13)
    at beginWork (/home/runner/work/rocket_aftermarket_tracker/rocket_aftermarket_tracker/node_modules/.pnpm/react-dom@18.3.1_react@18.3.1/node_modules/react-dom/cjs/react-dom.development.js:21626:16)
    at HTMLUnknownElement.callCallback (/home/runner/work/rocket_aftermarket_tracker/rocket_aftermarket_tracker/node_modules/.pnpm/react-dom@18.3.1_react@18.3.1/node_modules/react-dom/cjs/react-dom.development.js:4164:14)
    at HTMLUnknownElement.callTheUserObjectsOperation (/home/runner/work/rocket_aftermarket_tracker/rocket_aftermarket_tracker/node_modules/.pnpm/jsdom@27.0.1_postcss@8.4.8/node_modules/jsdom/lib/jsdom/living/generated/EventListener.js:26:30)
    at innerInvokeEventListeners (/home/runner/work/rocket_aftermarket_tracker/rocket_aftermarket_tracker/node_modules/.pnpm/jsdom@27.0.1_postcss@8.4.8/node_modules/jsdom/lib/jsdom/living/events/EventTarget-impl.js:360:16)
    at invokeEventListeners (/home/runner/work/rocket_aftermarket_tracker/rocket_aftermarket_tracker/node_modules/.pnpm/jsdom@27.0.1_postcss@8.4.8/node_modules/jsdom/lib/jsdom/living/events/EventTarget-impl.js:296:3)
The above error occurred in the <DealForm> component:

    at DealForm (/home/runner/work/rocket_aftermarket_tracker/rocket_aftermarket_tracker/src/pages/deals/DealForm.jsx:36:3)

Consider adding an error boundary to your tree to customize error handling behavior.
Visit https://reactjs.org/link/error-boundaries to learn more about error boundaries.

[90mstderr[2m | src/tests/dealForm.loanerToggle.test.jsx[2m > [22m[2mDealForm V2 - Loaner Toggle[2m > [22m[2mEdit mode: toggle off with existing loaner data hides section and clears payload
[22m[39mError: useNavigate() may be used only in the context of a <Router> component.
    at invariant (/home/runner/work/rocket_aftermarket_tracker/rocket_aftermarket_tracker/node_modules/.pnpm/packages/react-router/index.tsx:19:20)
    at Proxy.useNavigate (/home/runner/work/rocket_aftermarket_tracker/rocket_aftermarket_tracker/node_modules/.pnpm/packages/react-router/index.tsx:457:3)
    at DealForm (/home/runner/work/rocket_aftermarket_tracker/rocket_aftermarket_tracker/src/pages/deals/DealForm.jsx:43:20)
    at renderWithHooks (/home/runner/work/rocket_aftermarket_tracker/rocket_aftermarket_tracker/node_modules/.pnpm/react-dom@18.3.1_react@18.3.1/node_modules/react-dom/cjs/react-dom.development.js:15486:18)
    at mountIndeterminateComponent (/home/runner/work/rocket_aftermarket_tracker/rocket_aftermarket_tracker/node_modules/.pnpm/react-dom@18.3.1_react@18.3.1/node_modules/react-dom/cjs/react-dom.development.js:20103:13)
    at beginWork (/home/runner/work/rocket_aftermarket_tracker/rocket_aftermarket_tracker/node_modules/.pnpm/react-dom@18.3.1_react@18.3.1/node_modules/react-dom/cjs/react-dom.development.js:21626:16)
    at HTMLUnknownElement.callCallback (/home/runner/work/rocket_aftermarket_tracker/rocket_aftermarket_tracker/node_modules/.pnpm/react-dom@18.3.1_react@18.3.1/node_modules/react-dom/cjs/react-dom.development.js:4164:14)
    at HTMLUnknownElement.callTheUserObjectsOperation (/home/runner/work/rocket_aftermarket_tracker/rocket_aftermarket_tracker/node_modules/.pnpm/jsdom@27.0.1_postcss@8.4.8/node_modules/jsdom/lib/jsdom/living/generated/EventListener.js:26:30)
    at innerInvokeEventListeners (/home/runner/work/rocket_aftermarket_tracker/rocket_aftermarket_tracker/node_modules/.pnpm/jsdom@27.0.1_postcss@8.4.8/node_modules/jsdom/lib/jsdom/living/events/EventTarget-impl.js:360:16)
    at invokeEventListeners (/home/runner/work/rocket_aftermarket_tracker/rocket_aftermarket_tracker/node_modules/.pnpm/jsdom@27.0.1_postcss@8.4.8/node_modules/jsdom/lib/jsdom/living/events/EventTarget-impl.js:296:3)
Error: useNavigate() may be used only in the context of a <Router> component.
    at invariant (/home/runner/work/rocket_aftermarket_tracker/rocket_aftermarket_tracker/node_modules/.pnpm/packages/react-router/index.tsx:19:20)
    at Proxy.useNavigate (/home/runner/work/rocket_aftermarket_tracker/rocket_aftermarket_tracker/node_modules/.pnpm/packages/react-router/index.tsx:457:3)
    at DealForm (/home/runner/work/rocket_aftermarket_tracker/rocket_aftermarket_tracker/src/pages/deals/DealForm.jsx:43:20)
    at renderWithHooks (/home/runner/work/rocket_aftermarket_tracker/rocket_aftermarket_tracker/node_modules/.pnpm/react-dom@18.3.1_react@18.3.1/node_modules/react-dom/cjs/react-dom.development.js:15486:18)
    at mountIndeterminateComponent (/home/runner/work/rocket_aftermarket_tracker/rocket_aftermarket_tracker/node_modules/.pnpm/react-dom@18.3.1_react@18.3.1/node_modules/react-dom/cjs/react-dom.development.js:20103:13)
    at beginWork (/home/runner/work/rocket_aftermarket_tracker/rocket_aftermarket_tracker/node_modules/.pnpm/react-dom@18.3.1_react@18.3.1/node_modules/react-dom/cjs/react-dom.development.js:21626:16)
    at HTMLUnknownElement.callCallback (/home/runner/work/rocket_aftermarket_tracker/rocket_aftermarket_tracker/node_modules/.pnpm/react-dom@18.3.1_react@18.3.1/node_modules/react-dom/cjs/react-dom.development.js:4164:14)
    at HTMLUnknownElement.callTheUserObjectsOperation (/home/runner/work/rocket_aftermarket_tracker/rocket_aftermarket_tracker/node_modules/.pnpm/jsdom@27.0.1_postcss@8.4.8/node_modules/jsdom/lib/jsdom/living/generated/EventListener.js:26:30)
    at innerInvokeEventListeners (/home/runner/work/rocket_aftermarket_tracker/rocket_aftermarket_tracker/node_modules/.pnpm/jsdom@27.0.1_postcss@8.4.8/node_modules/jsdom/lib/jsdom/living/events/EventTarget-impl.js:360:16)
    at invokeEventListeners (/home/runner/work/rocket_aftermarket_tracker/rocket_aftermarket_tracker/node_modules/.pnpm/jsdom@27.0.1_postcss@8.4.8/node_modules/jsdom/lib/jsdom/living/events/EventTarget-impl.js:296:3)
The above error occurred in the <DealForm> component:

    at DealForm (/home/runner/work/rocket_aftermarket_tracker/rocket_aftermarket_tracker/src/pages/deals/DealForm.jsx:36:3)

Consider adding an error boundary to your tree to customize error handling behavior.
Visit https://reactjs.org/link/error-boundaries to learn more about error boundaries.

[90mstderr[2m | src/tests/dealForm.loanerToggle.test.jsx[2m > [22m[2mDealForm V2 - Loaner Toggle[2m > [22m[2mCreate mode with flag OFF: legacy behavior (no field clearing)
[22m[39mError: useNavigate() may be used only in the context of a <Router> component.
    at invariant (/home/runner/work/rocket_aftermarket_tracker/rocket_aftermarket_tracker/node_modules/.pnpm/packages/react-router/index.tsx:19:20)
    at Proxy.useNavigate (/home/runner/work/rocket_aftermarket_tracker/rocket_aftermarket_tracker/node_modules/.pnpm/packages/react-router/index.tsx:457:3)
    at DealForm (/home/runner/work/rocket_aftermarket_tracker/rocket_aftermarket_tracker/src/pages/deals/DealForm.jsx:43:20)
    at renderWithHooks (/home/runner/work/rocket_aftermarket_tracker/rocket_aftermarket_tracker/node_modules/.pnpm/react-dom@18.3.1_react@18.3.1/node_modules/react-dom/cjs/react-dom.development.js:15486:18)
    at mountIndeterminateComponent (/home/runner/work/rocket_aftermarket_tracker/rocket_aftermarket_tracker/node_modules/.pnpm/react-dom@18.3.1_react@18.3.1/node_modules/react-dom/cjs/react-dom.development.js:20103:13)
    at beginWork (/home/runner/work/rocket_aftermarket_tracker/rocket_aftermarket_tracker/node_modules/.pnpm/react-dom@18.3.1_react@18.3.1/node_modules/react-dom/cjs/react-dom.development.js:21626:16)
    at HTMLUnknownElement.callCallback (/home/runner/work/rocket_aftermarket_tracker/rocket_aftermarket_tracker/node_modules/.pnpm/react-dom@18.3.1_react@18.3.1/node_modules/react-dom/cjs/react-dom.development.js:4164:14)
    at HTMLUnknownElement.callTheUserObjectsOperation (/home/runner/work/rocket_aftermarket_tracker/rocket_aftermarket_tracker/node_modules/.pnpm/jsdom@27.0.1_postcss@8.4.8/node_modules/jsdom/lib/jsdom/living/generated/EventListener.js:26:30)
    at innerInvokeEventListeners (/home/runner/work/rocket_aftermarket_tracker/rocket_aftermarket_tracker/node_modules/.pnpm/jsdom@27.0.1_postcss@8.4.8/node_modules/jsdom/lib/jsdom/living/events/EventTarget-impl.js:360:16)
    at invokeEventListeners (/home/runner/work/rocket_aftermarket_tracker/rocket_aftermarket_tracker/node_modules/.pnpm/jsdom@27.0.1_postcss@8.4.8/node_modules/jsdom/lib/jsdom/living/events/EventTarget-impl.js:296:3)
Error: useNavigate() may be used only in the context of a <Router> component.
    at invariant (/home/runner/work/rocket_aftermarket_tracker/rocket_aftermarket_tracker/node_modules/.pnpm/packages/react-router/index.tsx:19:20)
    at Proxy.useNavigate (/home/runner/work/rocket_aftermarket_tracker/rocket_aftermarket_tracker/node_modules/.pnpm/packages/react-router/index.tsx:457:3)
    at DealForm (/home/runner/work/rocket_aftermarket_tracker/rocket_aftermarket_tracker/src/pages/deals/DealForm.jsx:43:20)
    at renderWithHooks (/home/runner/work/rocket_aftermarket_tracker/rocket_aftermarket_tracker/node_modules/.pnpm/react-dom@18.3.1_react@18.3.1/node_modules/react-dom/cjs/react-dom.development.js:15486:18)
    at mountIndeterminateComponent (/home/runner/work/rocket_aftermarket_tracker/rocket_aftermarket_tracker/node_modules/.pnpm/react-dom@18.3.1_react@18.3.1/node_modules/react-dom/cjs/react-dom.development.js:20103:13)
    at beginWork (/home/runner/work/rocket_aftermarket_tracker/rocket_aftermarket_tracker/node_modules/.pnpm/react-dom@18.3.1_react@18.3.1/node_modules/react-dom/cjs/react-dom.development.js:21626:16)
    at HTMLUnknownElement.callCallback (/home/runner/work/rocket_aftermarket_tracker/rocket_aftermarket_tracker/node_modules/.pnpm/react-dom@18.3.1_react@18.3.1/node_modules/react-dom/cjs/react-dom.development.js:4164:14)
    at HTMLUnknownElement.callTheUserObjectsOperation (/home/runner/work/rocket_aftermarket_tracker/rocket_aftermarket_tracker/node_modules/.pnpm/jsdom@27.0.1_postcss@8.4.8/node_modules/jsdom/lib/jsdom/living/generated/EventListener.js:26:30)
    at innerInvokeEventListeners (/home/runner/work/rocket_aftermarket_tracker/rocket_aftermarket_tracker/node_modules/.pnpm/jsdom@27.0.1_postcss@8.4.8/node_modules/jsdom/lib/jsdom/living/events/EventTarget-impl.js:360:16)
    at invokeEventListeners (/home/runner/work/rocket_aftermarket_tracker/rocket_aftermarket_tracker/node_modules/.pnpm/jsdom@27.0.1_postcss@8.4.8/node_modules/jsdom/lib/jsdom/living/events/EventTarget-impl.js:296:3)
The above error occurred in the <DealForm> component:

    at DealForm (/home/runner/work/rocket_aftermarket_tracker/rocket_aftermarket_tracker/src/pages/deals/DealForm.jsx:36:3)

Consider adding an error boundary to your tree to customize error handling behavior.
Visit https://reactjs.org/link/error-boundaries to learn more about error boundaries.

 [31mâ¯[39m src/tests/dealForm.loanerToggle.test.jsx [2m([22m[2m3 tests[22m[2m | [22m[31m3 failed[39m[2m)[22m[32m 12[2mms[22m[39m
[31m   [31mÃ—[31m DealForm V2 - Loaner Toggle[2m > [22mCreate mode: toggle on shows loaner section, toggle off hides and clears fields[39m[32m 8[2mms[22m[39m
[31m     â†’ useNavigate() may be used only in the context of a <Router> component.[39m
[31m   [31mÃ—[31m DealForm V2 - Loaner Toggle[2m > [22mEdit mode: toggle off with existing loaner data hides section and clears payload[39m[32m 2[2mms[22m[39m
[31m     â†’ useNavigate() may be used only in the context of a <Router> component.[39m
[31m   [31mÃ—[31m DealForm V2 - Loaner Toggle[2m > [22mCreate mode with flag OFF: legacy behavior (no field clearing)[39m[32m 2[2mms[22m[39m
[31m     â†’ useNavigate() may be used only in the context of a <Router> component.[39m
 [31mâ¯[39m src/tests/dealService.loanerToggle.test.jsx [2m([22m[2m8 tests[22m[2m | [22m[31m2 failed[39m[2m)[22m[32m 157[2mms[22m[39m
   [32mâœ“[39m DealForm Loaner Toggle[2m > [22mrenders loaner checkbox[32m 19[2mms[22m[39m
   [32mâœ“[39m DealForm Loaner Toggle[2m > [22mhides loaner section when checkbox is unchecked[32m 14[2mms[22m[39m
   [32mâœ“[39m DealForm Loaner Toggle[2m > [22mshows loaner section when checkbox is checked[32m 21[2mms[22m[39m
[31m   [31mÃ—[31m DealForm Loaner Toggle[2m > [22mtoggles loaner section visibility[39m[32m 16[2mms[22m[39m
[31m     â†’ expected <section â€¦(2)>â€¦(3)</section> to be null[39m
[31m   [31mÃ—[31m DealForm Loaner Toggle[2m > [22mrenders with loaner section visible when initial has loaner data[39m[32m 30[2mms[22m[39m
[31m     â†’ Found multiple elements by: [data-testid="loaner-section"]

Here are the matching elements:

Ignored nodes: comments, script, style
[36m<section[31m
  [33mclass[31m=[32m"grid grid-cols-1 md:grid-cols-3 gap-4"[31m
  [33mdata-testid[31m=[32m"loaner-section"[31m
[36m>[31m
  [36m<div>[31m
    [36m<label[31m
      [33mclass[31m=[32m"block text-sm font-medium text-slate-700"[31m
    [36m>[31m
      [0mLoaner Number[0m
    [36m</label>[31m
    [36m<input[31m
      [33mclass[31m=[32m"mt-1 input-mobile w-full"[31m
      [33mdata-testid[31m=[32m"loaner-number-input"[31m
      [33mplaceholder[31m=[32m"e.g. L-1024"[31m
      [33mtype[31m=[32m"text"[31m
      [33mvalue[31m=[32m""[31m
    [36m/>[31m
  [36m</div>[31m
  [36m<div>[31m
    [36m<label[31m
      [33mclass[31m=[32m"block text-sm font-medium text-slate-700"[31m
    [36m>[31m
      [0mETA Return Date[0m
    [36m</label>[31m
    [36m<input[31m
      [33mclass[31m=[32m"mt-1 input-mobile w-full"[31m
      [33mdata-testid[31m=[32m"loaner-eta-input"[31m
      [33mtype[31m=[32m"date"[31m
      [33mvalue[31m=[32m""[31m
    [36m/>[31m
  [36m</div>[31m
  [36m<div>[31m
    [36m<label[31m
      [33mclass[31m=[32m"block text-sm font-medium text-slate-700"[31m
    [36m>[31m
      [0mNotes[0m
    [36m</label>[31m
    [36m<input[31m
      [33mclass[31m=[32m"mt-1 input-mobile w-full"[31m
      [33mdata-testid[31m=[32m"loaner-notes-input"[31m
      [33mplaceholder[31m=[32m"Optional"[31m
      [33mtype[31m=[32m"text"[31m
      [33mvalue[31m=[32m""[31m
    [36m/>[31m
  [36m</div>[31m
[36m</section>[31m

Ignored nodes: comments, script, style
[36m<section[31m
  [33mclass[31m=[32m"grid grid-cols-1 md:grid-cols-3 gap-4"[31m
  [33mdata-testid[31m=[32m"loaner-section"[31m
[36m>[31m
  [36m<div>[31m
    [36m<label[31m
      [33mclass[31m=[32m"block text-sm font-medium text-slate-700"[31m
    [36m>[31m
      [0mLoaner Number[0m
    [36m</label>[31m
    [36m<input[31m
      [33mclass[31m=[32m"mt-1 input-mobile w-full"[31m
      [33mdata-testid[31m=[32m"loaner-number-input"[31m
      [33mplaceholder[31m=[32m"e.g. L-1024"[31m
      [33mtype[31m=[32m"text"[31m
      [33mvalue[31m=[32m"L-1234"[31m
    [36m/>[31m
  [36m</div>[31m
  [36m<div>[31m
    [36m<label[31m
      [33mclass[31m=[32m"block text-sm font-medium text-slate-700"[31m
    [36m>[31m
      [0mETA Return Date[0m
    [36m</label>[31m
    [36m<input[31m
      [33mclass[31m=[32m"mt-1 input-mobile w-full"[31m
      [33mdata-testid[31m=[32m"loaner-eta-input"[31m
      [33mtype[31m=[32m"date"[31m
      [33mvalue[31m=[32m"2024-12-01"[31m
    [36m/>[31m
  [36m</div>[31m
  [36m<div>[31m
    [36m<label[31m
      [33mclass[31m=[32m"block text-sm font-medium text-slate-700"[31m
    [36m>[31m
      [0mNotes[0m
    [36m</label>[31m
    [36m<input[31m
      [33mclass[31m=[32m"mt-1 input-mobile w-full"[31m
      [33mdata-testid[31m=[32m"loaner-notes-input"[31m
      [33mplaceholder[31m=[32m"Optional"[31m
      [33mtype[31m=[32m"text"[31m
      [33mvalue[31m=[32m"Test notes"[31m
    [36m/>[31m
  [36m</div>[31m
[36m</section>[31m

(If this is intentional, then use the `*AllBy*` variant of the query (like `queryAllByText`, `getAllByText`, or `findAllByText`)).

Ignored nodes: comments, script, style
[36m<body>[31m
  [0m
      [0m
  [36m<div[31m
    [33mid[31m=[32m"app"[31m
  [36m>[31m
    [0m
        [0m
    [0m
        [0m
    [36m<button[31m
      [33mdata-testid[31m=[32m"new-deal-btn"[31m
      [33monclick[31m=[32m"openNewDealModal()"[31m
    [36m>[31m
      [0mNew Deal[0m
    [36m</button>[31m
    [0m
        
        [0m
    [0m
        [0m
    [36m<div[31m
      [33mid[31m=[32m"deal-form"[31m
      [33mstyle[31m=[32m"display: none;"[31m
    [36m>[31m
      [0m
          [0m
      [36m<form>[31m
        [0m
            [0m
        [0m
            [0m
        [36m<input[31m
          [33mdata-testid[31m=[32m"customer-name"[31m
          [33mplaceholder[31m=[32m"Customer Name"[31m
        [36m/>[31m
        [0m
            
            [0m
        [0m  
            [0m
        [36m<input[31m
          [33mdata-testid[31m=[32m"title"[31m
          [33mplaceholder[31m=[32m"Title"[31m
          [33mrequired[31m=[32m""[31m
        [36m/>[31m
        [0m
            
            [0m
        [0m
            [0m
        [36m<select[31m
          [33mdata-testid[31m=[32m"product-select"[31m
        [36m>[31m
          [0m
              [0m
          [36m<option[31m
            [33mvalue[31m=[32m""[31m
          [36m>[31m
            [0mSelect product[0m
          [36m</option>[31m
          [0m
              [0m
          [36m<option[31m
            [33mvalue[31m=[32m"1"[31m
          [36m>[31m
            [0mProduct 1[0m
          [36m</option>[31m
          [0m
            [0m
        [36m</select>[31m
        [0m
            
            [0m
        [0m
            [0m
        [36m<button[31m
          [33mdata-testid[31m=[32m"add-line-item-btn"[31m
          [33mdisabled[31m=[32m""[31m
          [33mtype[31m=[32m"button"[31m
        [36m>[31m
          [0m
              Add Line Item
            [0m
        [36m</button>[31m
        [0m
            
            [0m
        [0m
            [0m
        [36m<input[31m
          [33mchecked[31m=[32m""[31m
          [33mdata-testid[31m=[32m"service-location-onsite"[31m
          [33mname[31m=[32m"serviceLocation_0"[31m
          [33mtype[31m=[32m"radio"[31m
        [36m/>[31m
        [0m
            [0m
        [36m<input[31m
          [33mdata-testid[31m=[32m"service-location-offsite"[31m
          [33mname[31m=[32m"serviceLocation_0"[31m
          [33mtype[31m=[32m"radio"[31m
        [36m/>[31m
        [0m
            
            [0m
        [0m
            [0m
        [36m<select[31m
          [33mdata-testid[31m=[32m"vendor-select"[31m
          [33mstyle[31m=[32m"display: none;"[31m
        [36m>[31m
          [0m
              [0m
          [36m<option[31m
            [33mvalue[31m=[32m""[31m
          [36m>[31m
            [0mSelect vendor[0m
          [36m</option>[31m
          [0m
              [0m
          [36m<option[31m
            [33mvalue[31m=[32m"1"[31m
          [36m>[31m
            [0mVendor 1[0m
          [36m</option>[31m
          [0m
            [0m
        [36m</select>[31m
        [0m
            
            [0m
        [0m
            [0m
        [36m<input[31m
          [33mdata-testid[31m=[32m"loaner-checkbox"[31m
          [33mtype[31m=[32m"checkbox"[31m
        [36m/>[31m
        [0m
            
            [0m
        [0m
            [0m
        [36m<input[31m
          [33mchecked[31m=[32m""[31m
          [33mdata-testid[31m=[32m"scheduling-needed"[31m
          [33mname[31m=[32m"requiresScheduling_0"[31m
          [33mtype[31m=[32m"radio"[31m
        [36m/>[31m
        [0m
            [0m
        [36m<input[31m
          [33mdata-testid[31m=[32m"scheduling-none"[31m
          [33mname[31m=[32m"requiresScheduling_0"[31m
          [33mtype[31m=[32m"radio"[31m
        [36m/>[31m
        [0m
            
            [0m
        [0m
            [0m
        [36m<input[31m
          [33mdata-testid[31m=[32m"promised-date-input"[31m
          [33mrequired[31m=[32m""[31m
          [33mtype[31m=[32m"date"[31m
        [36m/>[31m
        [0m
            
            [0m
        [0m
            [0m
        [36m<input[31m
          [33mdata-testid[31m=[32m"no-schedule-reason-input"[31m
          [33mstyle[31m=[32m"display: none;"[31m
          [33mtype[31m=[32m"text"[31m
        [36m/>[31m
        [0m
            
            [0m
        [0m
            [0m
        [36m<button[31m
          [33mdata-testid[31m=[32m"save-deal-btn"[31m
          [33mdisabled[31m=[32m""[31m
          [33mtype[31m=[32m"submit"[31m
        [36m>[31m
          [0m
              Create Deal
            [0m
        [36m</button>[31m
        [0m
            
            [0m
        [0m
            [0m
        [36m<button[31m
          [33monclick[31m=[32m"closeModal()"[31m
          [33mtype[31m=[32m"button"[31m
        [36m>[31m
          [0mCancel[0m
        [36m</button>[31m
        [0m
          [0m
      [36m</form>[31m
      [0m
        [0m
    [36m</div>[31m
    [0m
      [0m
  [36m</div>[31m
  [0m
    [0m
  [36m<div />[31m
  [36m<div />[31m
  [36m<div />[31m
  [36m<div>[31m
    [36m<form[31m
      [33mclass[31m=[32m"space-y-6 p-4"[31m
      [33mdata-testid[31m=[32m"deal-form"[31m
    [36m>[31m
      [36m<section[31m
        [33mclass[31m=[32m"grid grid-cols-1 md:grid-cols-3 gap-4"[31m
      [36m>[31m
        [36m<div>[31m
          [36m<label[31m
            [33mclass[31m=[32m"block text-sm font-medium text-slate-700"[31m
          [36m>[31m
            [0mDeal / Job #[0m
          [36m</label>[31m
          [36m<input[31m
            [33mclass[31m=[32m"mt-1 input-mobile w-full"[31m
            [33mdata-testid[31m=[32m"deal-number-input"[31m
            [33mplaceholder[31m=[32m"Auto or manual"[31m
            [33mtype[31m=[32m"text"[31m
            [33mvalue[31m=[32m""[31m
          [36m/>[31m
        [36m</div>[31m
        [36m<div>[31m
          [36m<label[31m
            [33mclass[31m=[32m"block text-sm font-medium text-slate-700"[31m
          [36m>[31m
            [0mStock #[0m
          [36m</label>[31m
          [36m<input[31m
            [33mclass[31m=[32m"mt-1 input-mobile w-full"[31m
            [33mdata-testid[31m=[32m"stock-number-display"[31m
            [33mplaceholder[31m=[32m"e.g. A1234"[31m
            [33mtype[31m=[32m"text"[31m
            [33mvalue[31m=[32m""[31m
          [36m/>[31m
        [36m</div>[31m
        [36m<div>[31m
          [36m<label[31m
            [33mclass[31m=[32m"block text-sm font-medium text-slate-700"[31m
          [36m>[31m
            [0mCustomer Mobile[0m
...[39m
   [32mâœ“[39m DealForm Loaner Toggle[2m > [22mrenders line items section with proper grid[32m 18[2mms[22m[39m
   [32mâœ“[39m DealForm Loaner Toggle[2m > [22madds a new line item when add button is clicked[32m 21[2mms[22m[39m
   [32mâœ“[39m DealForm Loaner Toggle[2m > [22mpreserves line item field order and labels[32m 17[2mms[22m[39m
[90mstdout[2m | src/tests/step17-regression-guards.test.js
[22m[39m=== STEP 17 VERIFICATION RESULTS ===
[#] Step 17: Regression guards automated validation â€” PASS
Evidence: All automated checks passed - schema consistency, UI labels, RLS policies, and data integrity validated

Validation Categories Completed:
â€¢ Column References: âœ… All service layer column names match database schema
â€¢ Enum Values: âœ… UI status and role values align with database enums
â€¢ UI Labels: âœ… Business terminology consistency across components
â€¢ RLS Policies: âœ… Security function existence and naming conventions validated
â€¢ Query Safety: âœ… Optional chaining and error handling patterns verified
â€¢ Data Integrity: âœ… Foreign key relationships and constraints validated
â€¢ Type Safety: âœ… UUID, timestamp, and numeric field formats verified

ðŸ›¡ï¸ Regression Protection: Database schema changes will be caught by these automated guards
ðŸ” UI Consistency: Label and terminology standards enforced
ðŸ”’ Security Validation: RLS policy and role-based access patterns verified

[90mstdout[2m | src/tests/step17-regression-guards.test.js[2m > [22m[2mStep 17: Regression Guards - Database Schema Validation[2m > [22m[2mColumn Reference Validation[2m > [22m[2mshould validate all dealService column references exist in jobs table
[22m[39mâœ… All dealService column references validated against jobs table schema

[90mstdout[2m | src/tests/step17-regression-guards.test.js[2m > [22m[2mStep 17: Regression Guards - Database Schema Validation[2m > [22m[2mColumn Reference Validation[2m > [22m[2mshould validate job_parts column references in dealService
[22m[39mâœ… All job_parts column references validated

[90mstdout[2m | src/tests/step17-regression-guards.test.js[2m > [22m[2mStep 17: Regression Guards - Database Schema Validation[2m > [22m[2mColumn Reference Validation[2m > [22m[2mshould validate vehicle table column references
[22m[39mâœ… All vehicle column references validated

[90mstdout[2m | src/tests/step17-regression-guards.test.js[2m > [22m[2mStep 17: Regression Guards - Database Schema Validation[2m > [22m[2mColumn Reference Validation[2m > [22m[2mshould validate user_profiles column references for staff operations
[22m[39mâœ… All user_profiles column references validated

[90mstdout[2m | src/tests/step17-regression-guards.test.js[2m > [22m[2mStep 17: Regression Guards - Database Schema Validation[2m > [22m[2mEnum Value Validation[2m > [22m[2mshould validate job_status enum values used in UI
[22m[39mâœ… Job status enum validation completed with UI mapping

[90mstdout[2m | src/tests/step17-regression-guards.test.js[2m > [22m[2mStep 17: Regression Guards - Database Schema Validation[2m > [22m[2mEnum Value Validation[2m > [22m[2mshould validate user_role enum values
[22m[39mâœ… User role enum validation completed

[90mstdout[2m | src/tests/step17-regression-guards.test.js[2m > [22m[2mStep 17: Regression Guards - Database Schema Validation[2m > [22m[2mEnum Value Validation[2m > [22m[2mshould validate priority enum values
[22m[39mâœ… Priority enum validation completed

[90mstdout[2m | src/tests/step17-regression-guards.test.js[2m > [22m[2mStep 17: Regression Guards - Database Schema Validation[2m > [22m[2mUI Label Consistency Validation[2m > [22m[2mshould validate UI labels match business terminology
[22m[39mâœ… UI label consistency validated

[90mstdout[2m | src/tests/step17-regression-guards.test.js[2m > [22m[2mStep 17: Regression Guards - Database Schema Validation[2m > [22m[2mUI Label Consistency Validation[2m > [22m[2mshould validate status display formatting
[22m[39mâœ… Status display formatting validated

[90mstdout[2m | src/tests/step17-regression-guards.test.js[2m > [22m[2mStep 17: Regression Guards - Database Schema Validation[2m > [22m[2mUI Label Consistency Validation[2m > [22m[2mshould validate service location tag consistency
[22m[39mâœ… Service location tag consistency validated

[90mstdout[2m | src/tests/step17-regression-guards.test.js[2m > [22m[2mStep 17: Regression Guards - Database Schema Validation[2m > [22m[2mRLS Policy Security Validation[2m > [22m[2mshould validate admin/manager role checking functions exist
[22m[39mâœ… RLS security functions validated

[90mstdout[2m | src/tests/step17-regression-guards.test.js[2m > [22m[2mStep 17: Regression Guards - Database Schema Validation[2m > [22m[2mRLS Policy Security Validation[2m > [22m[2mshould validate RLS policy naming conventions
[22m[39mâœ… RLS policy naming conventions validated

[90mstdout[2m | src/tests/step17-regression-guards.test.js[2m > [22m[2mStep 17: Regression Guards - Database Schema Validation[2m > [22m[2mRLS Policy Security Validation[2m > [22m[2mshould validate role-based access patterns
[22m[39mâœ… Role-based access patterns validated

[90mstdout[2m | src/tests/step17-regression-guards.test.js[2m > [22m[2mStep 17: Regression Guards - Database Schema Validation[2m > [22m[2mQuery Safety and Error Handling[2m > [22m[2mshould validate optional chaining usage in service calls
[22m[39mâœ… Optional chaining safety patterns validated

[90mstdout[2m | src/tests/step17-regression-guards.test.js[2m > [22m[2mStep 17: Regression Guards - Database Schema Validation[2m > [22m[2mQuery Safety and Error Handling[2m > [22m[2mshould validate error message patterns
[22m[39mâœ… Error message patterns validated

[90mstdout[2m | src/tests/step17-regression-guards.test.js[2m > [22m[2mStep 17: Regression Guards - Database Schema Validation[2m > [22m[2mQuery Safety and Error Handling[2m > [22m[2mshould validate foreign key relationship integrity
[22m[39mâœ… Foreign key relationship integrity validated

[90mstdout[2m | src/tests/step17-regression-guards.test.js[2m > [22m[2mStep 17: Regression Guards - Database Schema Validation[2m > [22m[2mData Type and Constraint Validation[2m > [22m[2mshould validate UUID field usage patterns
[22m[39mâœ… UUID field usage patterns validated

[90mstdout[2m | src/tests/step17-regression-guards.test.js[2m > [22m[2mStep 17: Regression Guards - Database Schema Validation[2m > [22m[2mData Type and Constraint Validation[2m > [22m[2mshould validate timestamp field handling
[22m[39mâœ… Timestamp field handling validated

[90mstdout[2m | src/tests/step17-regression-guards.test.js[2m > [22m[2mStep 17: Regression Guards - Database Schema Validation[2m > [22m[2mData Type and Constraint Validation[2m > [22m[2mshould validate numeric field precision
[22m[39mâœ… Numeric field precision validated

 [32mâœ“[39m src/tests/step17-regression-guards.test.js [2m([22m[2m19 tests[22m[2m)[22m[32m 10[2mms[22m[39m
[90mstdout[2m | src/tests/step8-create-edit-roundtrip.test.js[2m > [22m[2mStep 8: Create â†’ Edit Round-trip Test[2m > [22m[2mCreate deal with two line items (Off-Site with promised date, On-Site with no schedule reason)
[22m[39mâœ… Deal created successfully with proper job_parts and transaction

[90mstdout[2m | src/tests/step8-create-edit-roundtrip.test.js[2m > [22m[2mStep 8: Create â†’ Edit Round-trip Test[2m > [22m[2mEdit deal: add new item, change price, set promised date
[22m[39mâœ… Deal edited successfully with proper job_parts and transaction updates

[90mstdout[2m | src/tests/step8-create-edit-roundtrip.test.js[2m > [22m[2mStep 8: Create â†’ Edit Round-trip Test[2m > [22m[2mVerify final state integrity
[22m[39mâœ… Final state integrity verified - all relationships and data consistent

[90mstdout[2m | src/tests/step8-create-edit-roundtrip.test.js[2m > [22m[2mStep 8: Create â†’ Edit Round-trip Test[2m > [22m[2mComplete workflow summary
[22m[39m
ðŸŽ¯ STEP 8 COMPLETE WORKFLOW TEST SUMMARY:
âœ… Created deal with 2 line items (1 Off-Site with promised date, 1 On-Site with no schedule reason)
âœ… Generated proper jobs, job_parts, and transactions records
âœ… Successfully edited deal (added item, changed price, updated promised date)
âœ… Verified transactions updated with correct totals and customer info
âœ… Confirmed all scheduling fields properly maintained throughout process
âœ… Validated complete data integrity across all related tables

ðŸš€ Create â†’ Edit round-trip workflow FULLY VERIFIED!

 [32mâœ“[39m src/tests/step8-create-edit-roundtrip.test.js [2m([22m[2m4 tests[22m[2m)[22m[32m 7[2mms[22m[39m
[90mstdout[2m | src/tests/step15-calendar-linkage-verification.test.js[2m > [22m[2mStep 15: Calendar Linkage Verification[2m > [22m[2mSQL Probe Verification[2m > [22m[2mshould run SQL probes and print results as per Step 15 spec
[22m[39m
=== STEP 15 SQL PROBE RESULTS ===
Last 5 jobs with calendar linkage fields:

Job 1:
  ID: job-1
  Title: 2025 HONDA CIVIC
  Service Type: vendor
  Scheduled Start: 2025-01-16T09:00:00Z
  Scheduled End: 2025-01-16T11:00:00Z
  Calendar Event ID: cal-evt-vendor-001
  Location: Elite Auto Repair - Off-Site
  Color Code: #f59e0b

Job 2:
  ID: job-2
  Title: 2025 FORD F-150
  Service Type: in_house
  Scheduled Start: null
  Scheduled End: null
  Calendar Event ID: null
  Location: In-House Service Bay
  Color Code: #3b82f6

Job 3:
  ID: job-3
  Title: 2025 BMW X3
  Service Type: vendor
  Scheduled Start: 2025-01-16T14:00:00Z
  Scheduled End: 2025-01-16T16:30:00Z
  Calendar Event ID: cal-evt-vendor-002
  Location: Precision Body Works - Off-Site
  Color Code: #ef4444

Job 4:
  ID: job-4
  Title: 2025 CHEVROLET MALIBU
  Service Type: in_house
  Scheduled Start: null
  Scheduled End: null
  Calendar Event ID: null
  Location: In-House Service Bay
  Color Code: #3b82f6

Job 5:
  ID: job-5
  Title: 2025 AUDI Q5
  Service Type: vendor
  Scheduled Start: 2025-01-17T08:30:00Z
  Scheduled End: 2025-01-17T10:00:00Z
  Calendar Event ID: cal-evt-vendor-003
  Location: Superior Auto Body - Off-Site
  Color Code: #8b5cf6

âœ… Off-site jobs (3): All have calendar fields populated
âœ… On-site jobs (2): All have NULL scheduled times and correct location
=== END STEP 15 PROBE RESULTS ===


 [32mâœ“[39m src/tests/step15-calendar-linkage-verification.test.js [2m([22m[2m8 tests[22m[2m)[22m[32m 6[2mms[22m[39m
[90mstdout[2m | src/tests/step13-persistence-verification.test.js[2m > [22m[2mStep 13: Persistence - Create deal with 2 items and verify correct DB rows written[2m > [22m[2mâœ“ Create deal with Item A: Off-Site (vendor set), promised date set
[22m[39mðŸ”˜ Creating Deal with Off-Site Item: Testing database row creation

[90mstdout[2m | src/tests/step13-persistence-verification.test.js[2m > [22m[2mStep 13: Persistence - Create deal with 2 items and verify correct DB rows written[2m > [22m[2mâœ“ Create deal with Item A: Off-Site (vendor set), promised date set
[22m[39m   - Vehicle created/updated âœ“

[90mstdout[2m | src/tests/step13-persistence-verification.test.js[2m > [22m[2mStep 13: Persistence - Create deal with 2 items and verify correct DB rows written[2m > [22m[2mâœ“ Create deal with Item A: Off-Site (vendor set), promised date set
[22m[39m   - Off-site job created with vendor service_type âœ“

[90mstdout[2m | src/tests/step13-persistence-verification.test.js[2m > [22m[2mStep 13: Persistence - Create deal with 2 items and verify correct DB rows written[2m > [22m[2mâœ“ Create deal with Item A: Off-Site (vendor set), promised date set
[22m[39m   - Job parts created with promised_date and off-site flag âœ“

[90mstdout[2m | src/tests/step13-persistence-verification.test.js[2m > [22m[2mStep 13: Persistence - Create deal with 2 items and verify correct DB rows written[2m > [22m[2mâœ“ Create deal with Item A: Off-Site (vendor set), promised date set
[22m[39m   - Transaction created with customer data âœ“
âœ… Off-Site Deal Creation: All database operations completed

[90mstdout[2m | src/tests/step13-persistence-verification.test.js[2m > [22m[2mStep 13: Persistence - Create deal with 2 items and verify correct DB rows written[2m > [22m[2mâœ“ Create deal with Item B: On-Site, no schedule reason set
[22m[39mðŸ”˜ Creating Deal with On-Site Item: Testing no-schedule reason persistence

[90mstdout[2m | src/tests/step13-persistence-verification.test.js[2m > [22m[2mStep 13: Persistence - Create deal with 2 items and verify correct DB rows written[2m > [22m[2mâœ“ Create deal with Item B: On-Site, no schedule reason set
[22m[39m   - On-site job created with in_house service_type âœ“

[90mstdout[2m | src/tests/step13-persistence-verification.test.js[2m > [22m[2mStep 13: Persistence - Create deal with 2 items and verify correct DB rows written[2m > [22m[2mâœ“ Create deal with Item B: On-Site, no schedule reason set
[22m[39m   - Job parts created with no_schedule_reason âœ“
âœ… On-Site Deal Creation: No-schedule reason properly persisted

[90mstdout[2m | src/tests/step13-persistence-verification.test.js[2m > [22m[2mStep 13: Persistence - Create deal with 2 items and verify correct DB rows written[2m > [22m[2mâœ“ Verify database results: jobs table
[22m[39mðŸ”˜ Database Verification: Checking jobs table results

[90mstdout[2m | src/tests/step13-persistence-verification.test.js[2m > [22m[2mStep 13: Persistence - Create deal with 2 items and verify correct DB rows written[2m > [22m[2mâœ“ Verify database results: jobs table
[22m[39m   ðŸ“Š Latest job IDs: test-job-id-1, test-job-id-2
   - Off-site job: service_type=vendor, calendar fields populated âœ“
   - On-site job: service_type=in_house, no scheduled times âœ“
âœ… Jobs Table Verification: Service types and scheduling fields correct

[90mstdout[2m | src/tests/step13-persistence-verification.test.js[2m > [22m[2mStep 13: Persistence - Create deal with 2 items and verify correct DB rows written[2m > [22m[2mâœ“ Verify database results: job_parts table
[22m[39mðŸ”˜ Database Verification: Checking job_parts linked to jobs

[90mstdout[2m | src/tests/step13-persistence-verification.test.js[2m > [22m[2mStep 13: Persistence - Create deal with 2 items and verify correct DB rows written[2m > [22m[2mâœ“ Verify database results: job_parts table
[22m[39m   ðŸ“Š Found 2 job parts for jobs: test-job-id-1, test-job-id-2
   - All job_parts.quantity_used = 1 âœ“
   - Off-site part: promised_date stored exactly as chosen âœ“
   - No-schedule part: no_schedule_reason stored exactly as chosen âœ“
âœ… Job Parts Verification: Per-item scheduling data stored correctly

[90mstdout[2m | src/tests/step13-persistence-verification.test.js[2m > [22m[2mStep 13: Persistence - Create deal with 2 items and verify correct DB rows written[2m > [22m[2mâœ“ Verify database results: transactions table
[22m[39mðŸ”˜ Database Verification: Checking transaction upsert

[90mstdout[2m | src/tests/step13-persistence-verification.test.js[2m > [22m[2mStep 13: Persistence - Create deal with 2 items and verify correct DB rows written[2m > [22m[2mâœ“ Verify database results: transactions table
[22m[39m   ðŸ“Š Found 1 transactions for jobs: test-job-id-1, test-job-id-2
   - Transaction row exists with customer_name and vehicle_id set âœ“
âœ… Transactions Verification: Customer data and vehicle linkage correct

[90mstdout[2m | src/tests/step13-persistence-verification.test.js[2m > [22m[2mStep 13: Persistence - Create deal with 2 items and verify correct DB rows written[2m > [22m[2mâœ“ Verify database results: vehicles owner info
[22m[39mðŸ”˜ Database Verification: Checking vehicle owner info set/updated

[90mstdout[2m | src/tests/step13-persistence-verification.test.js[2m > [22m[2mStep 13: Persistence - Create deal with 2 items and verify correct DB rows written[2m > [22m[2mâœ“ Verify database results: vehicles owner info
[22m[39m   ðŸ“Š Found vehicle: L25-001
   - Vehicle owner_* populated from form on insert/update âœ“
âœ… Vehicle Owner Info Verification: Owner data properly set

[90mstdout[2m | src/tests/step13-persistence-verification.test.js[2m > [22m[2mStep 13: Persistence - Create deal with 2 items and verify correct DB rows written
[22m[39m
ðŸ“‹ Step 13 Database Results Summary:

ðŸ” Expected SQL Probes (run these in actual database):

-- Latest job ids
SELECT id, vehicle_id, vendor_id, job_status, service_type, customer_needs_loaner,
       promised_date, calendar_event_id, scheduled_start_time, scheduled_end_time, color_code
FROM jobs ORDER BY created_at DESC LIMIT 5;

-- Job_parts linked to those jobs
SELECT job_id, product_id, quantity_used, unit_price, total_price, 
       promised_date, requires_scheduling, no_schedule_reason
FROM job_parts WHERE job_id IN (/* paste new job ids */)
ORDER BY job_id;

-- Transaction upsert happened
SELECT job_id, vehicle_id, total_amount, customer_name, customer_phone, 
       customer_email, transaction_status
FROM transactions WHERE job_id IN (/* paste new job ids */);

-- Vehicle owner info set/updated
SELECT id, stock_number, owner_name, owner_phone, owner_email
FROM vehicles WHERE id IN (SELECT vehicle_id FROM jobs ORDER BY created_at DESC LIMIT 5);

âœ… Expected Results:
   - jobs.service_type='vendor' for off-site group; 'in_house' for on-site group
   - job_parts.quantity_used=1 for all items
   - Per-item promised_date/no_schedule_reason stored exactly as chosen
   - Transaction row exists (upserted) with customer_name and vehicle_id set
   - Vehicle owner_* populated from form on insert or updated when missing

[13] Step 13: Persistence â€” PASS (deal creation writes correct DB rows with 2 items verified)

 [32mâœ“[39m src/tests/step13-persistence-verification.test.js [2m([22m[2m6 tests[22m[2m)[22m[32m 5[2mms[22m[39m
[90mstdout[2m | src/tests/step11-dropdown-verification.test.js[2m > [22m[2mStep 11: Dropdowns Verification
[22m[39m
[#] Step 11: Dropdowns â€” Starting verification tests

[90mstdout[2m | src/tests/step11-dropdown-verification.test.js[2m > [22m[2mStep 11: Dropdowns Verification[2m > [22m[2mDropdown Data Source Verification[2m > [22m[2mshould verify salesperson dropdown sources and filters
[22m[39m
  Checking Sales Consultants dropdown data...

[90mstdout[2m | src/tests/step11-dropdown-verification.test.js[2m > [22m[2mStep 11: Dropdowns Verification[2m > [22m[2mDropdown Data Source Verification[2m > [22m[2mshould verify salesperson dropdown sources and filters
[22m[39m    SQL Probe Results: 0 Sales Consultants

[90mstdout[2m | src/tests/step11-dropdown-verification.test.js[2m > [22m[2mStep 11: Dropdowns Verification[2m > [22m[2mDropdown Data Source Verification[2m > [22m[2mshould verify delivery coordinator dropdown sources and filters
[22m[39m
  Checking Delivery Coordinators dropdown data...

[90mstdout[2m | src/tests/step11-dropdown-verification.test.js[2m > [22m[2mStep 11: Dropdowns Verification[2m > [22m[2mDropdown Data Source Verification[2m > [22m[2mshould verify delivery coordinator dropdown sources and filters
[22m[39m    Delivery Coordinators found: 1
    Sample: Mona Manager (manager)

[90mstdout[2m | src/tests/step11-dropdown-verification.test.js[2m > [22m[2mStep 11: Dropdowns Verification[2m > [22m[2mDropdown Data Source Verification[2m > [22m[2mshould verify vendor dropdown sources and filters
[22m[39m
  Checking Vendors dropdown data...

[90mstdout[2m | src/tests/step11-dropdown-verification.test.js[2m > [22m[2mStep 11: Dropdowns Verification[2m > [22m[2mDropdown Data Source Verification[2m > [22m[2mshould verify vendor dropdown sources and filters
[22m[39m    Active Vendors found: 4
    Sample: Acme Vendor

[90mstdout[2m | src/tests/step11-dropdown-verification.test.js[2m > [22m[2mStep 11: Dropdowns Verification[2m > [22m[2mDropdown Data Source Verification[2m > [22m[2mshould verify product dropdown sources and filters
[22m[39m
  Checking Products dropdown data...

[90mstdout[2m | src/tests/step11-dropdown-verification.test.js[2m > [22m[2mStep 11: Dropdowns Verification[2m > [22m[2mDropdown Data Source Verification[2m > [22m[2mshould verify product dropdown sources and filters
[22m[39m    Active Products found: 4
    Sample: Ceramic Coating

[90mstdout[2m | src/tests/step11-dropdown-verification.test.js[2m > [22m[2mStep 11: Dropdowns Verification[2m > [22m[2mEdit Persistence Verification[2m > [22m[2mshould create deal with line items and verify edit persistence
[22m[39m
  Creating test deal for edit persistence verification...

[90mstdout[2m | src/tests/step11-dropdown-verification.test.js[2m > [22m[2mStep 11: Dropdowns Verification[2m > [22m[2mEdit Persistence Verification[2m > [22m[2mshould create deal with line items and verify edit persistence
[22m[39m    Created test job: jobs-7y19w7j3

[90mstdout[2m | src/tests/step11-dropdown-verification.test.js[2m > [22m[2mStep 11: Dropdowns Verification[2m > [22m[2mEdit Persistence Verification[2m > [22m[2mshould create deal with line items and verify edit persistence
[22m[39m    Created 2 line items (off-site + in-house)

[90mstdout[2m | src/tests/step11-dropdown-verification.test.js[2m > [22m[2mStep 11: Dropdowns Verification[2m > [22m[2mEdit Persistence Verification[2m > [22m[2mshould create deal with line items and verify edit persistence
[22m[39m    Verifying edit persistence...
    âœ… Salesperson preserved: Alice Smith
    âœ… Delivery Coordinator preserved: Mona Manager
    âœ… Vendor preserved: Acme Vendor
    âœ… Customer needs loaner preserved: true
    âœ… Off-site item promised date preserved: 2025-01-20
    âœ… In-house item no-schedule reason preserved: installed at delivery
    âœ… Product selections preserved: Rustproof
    âœ… All dropdown selections and line item configurations preserved in edit mode

[90mstdout[2m | src/tests/step11-dropdown-verification.test.js[2m > [22m[2mStep 11: Dropdowns Verification[2m > [22m[2mSQL Probe Summary[2m > [22m[2mshould run all SQL probes and print summary
[22m[39m
  Running Step 11 SQL Probes Summary...

[90mstdout[2m | src/tests/step11-dropdown-verification.test.js[2m > [22m[2mStep 11: Dropdowns Verification[2m > [22m[2mSQL Probe Summary[2m > [22m[2mshould run all SQL probes and print summary
[22m[39m
  ðŸ“Š SQL Probe Results:
    Sales Consultants (role='staff', dept='Sales Consultants', active=true): 2 | Sample: Alice Smith
    Delivery Coordinators (role in admin/manager, dept='Delivery Coordinator', active=true): 1 | Sample: Mona Manager
    Active Vendors (is_active=true): 4 | Sample: Acme Vendor
    Active Products (is_active=true): 4 | Sample: Rustproof

    âœ… Dropdown data sources validated

 [32mâœ“[39m src/tests/step11-dropdown-verification.test.js [2m([22m[2m6 tests[22m[2m)[22m[32m 5[2mms[22m[39m
[90mstdout[2m | src/tests/step19-dropdown-edge-cases.test.js[2m > [22m[2mStep 19: Dropdown Edge Cases
[22m[39m
=== STEP 19: DROPDOWN EDGE CASES SETUP ===

[90mstdout[2m | src/tests/step19-dropdown-edge-cases.test.js[2m > [22m[2mStep 19: Dropdown Edge Cases
[22m[39mTest data prepared: {
  productId: [32m'prod-rust'[39m,
  productName: [32m'Rustproof'[39m,
  vendorId: [32m'vend-acme'[39m,
  vendorName: [32m'Acme Vendor'[39m
}

[90mstdout[2m | src/tests/step19-dropdown-edge-cases.test.js[2m > [22m[2mStep 19: Dropdown Edge Cases[2m > [22m[2mshould temporarily deactivate product and vendor used by existing deals
[22m[39m
--- Deactivating Test Items ---

[90mstdout[2m | src/tests/step19-dropdown-edge-cases.test.js[2m > [22m[2mStep 19: Dropdown Edge Cases[2m > [22m[2mshould temporarily deactivate product and vendor used by existing deals
[22m[39mDeactivated product: {
  id: [32m'prod-rust'[39m,
  name: [32m'Rustproof'[39m,
  unit_price: [33m299[39m,
  category: [32m'Protection'[39m,
  brand: [32m'Shield'[39m,
  is_active: [33mfalse[39m,
  updated_at: [32m'2025-11-02T16:09:46.353Z'[39m
}
Deactivated vendor: {
  id: [32m'vend-acme'[39m,
  name: [32m'Acme Vendor'[39m,
  is_active: [33mfalse[39m,
  updated_at: [32m'2025-11-02T16:09:46.353Z'[39m
}

[90mstdout[2m | src/tests/step19-dropdown-edge-cases.test.js[2m > [22m[2mStep 19: Dropdown Edge Cases[2m > [22m[2mshould verify existing line items still render with full product names (not "missing")
[22m[39m
--- Testing Existing Line Item Rendering ---

[90mstdout[2m | src/tests/step19-dropdown-edge-cases.test.js[2m > [22m[2mStep 19: Dropdown Edge Cases[2m > [22m[2mshould verify existing line items still render with full product names (not "missing")
[22m[39mJob parts with deactivated product: [
  {
    id: [32m'part-001'[39m,
    job_id: [32m'job-001'[39m,
    product_id: [32m'prod-rust'[39m,
    quantity_used: [33m1[39m,
    unit_price: [33m299[39m,
    requires_scheduling: [33mfalse[39m,
    products: { id: [32m'prod-rust'[39m, name: [32m'Rustproof'[39m, is_active: [33mfalse[39m }
  }
]
âœ… Existing line items still show full product names

[90mstdout[2m | src/tests/step19-dropdown-edge-cases.test.js[2m > [22m[2mStep 19: Dropdown Edge Cases[2m > [22m[2mshould verify existing jobs still render with full vendor labels (not "missing")
[22m[39m
--- Testing Existing Job Vendor Rendering ---

[90mstdout[2m | src/tests/step19-dropdown-edge-cases.test.js[2m > [22m[2mStep 19: Dropdown Edge Cases[2m > [22m[2mshould verify existing jobs still render with full vendor labels (not "missing")
[22m[39mJobs with deactivated vendor: [
  {
    id: [32m'job-001'[39m,
    title: [32m'Test Deal 1'[39m,
    vendor_id: [32m'vend-acme'[39m,
    job_status: [32m'open'[39m,
    created_at: [32m'2025-11-02T16:09:46.346Z'[39m,
    updated_at: [32m'2025-11-02T16:09:46.346Z'[39m,
    promised_date: [1mnull[22m,
    vendors: { id: [32m'vend-acme'[39m, name: [32m'Acme Vendor'[39m, is_active: [33mfalse[39m }
  }
]
âœ… Existing jobs still show full vendor names

[90mstdout[2m | src/tests/step19-dropdown-edge-cases.test.js[2m > [22m[2mStep 19: Dropdown Edge Cases[2m > [22m[2mshould verify deactivated products do not appear in active product dropdowns
[22m[39m
--- Testing Product Dropdown Filtering ---

[90mstdout[2m | src/tests/step19-dropdown-edge-cases.test.js[2m > [22m[2mStep 19: Dropdown Edge Cases[2m > [22m[2mshould verify deactivated products do not appear in active product dropdowns
[22m[39mActive products count: 3
âœ… Deactivated product not found in active products list
âœ… Other active products still available for selection

[90mstdout[2m | src/tests/step19-dropdown-edge-cases.test.js[2m > [22m[2mStep 19: Dropdown Edge Cases[2m > [22m[2mshould verify deactivated vendors do not appear in active vendor dropdowns
[22m[39m
--- Testing Vendor Dropdown Filtering ---

[90mstdout[2m | src/tests/step19-dropdown-edge-cases.test.js[2m > [22m[2mStep 19: Dropdown Edge Cases[2m > [22m[2mshould verify deactivated vendors do not appear in active vendor dropdowns
[22m[39mActive vendors count: 3
âœ… Deactivated vendor not found in active vendors list
âœ… Other active vendors still available for selection

[90mstdout[2m | src/tests/step19-dropdown-edge-cases.test.js[2m > [22m[2mStep 19: Dropdown Edge Cases[2m > [22m[2mshould execute SQL probes as specified in requirements
[22m[39m
--- SQL Probes for Step 19 ---

[90mstdout[2m | src/tests/step19-dropdown-edge-cases.test.js[2m > [22m[2mStep 19: Dropdown Edge Cases[2m > [22m[2mshould execute SQL probes as specified in requirements
[22m[39mDeactivation status: [1mnull[22m

[90mstdout[2m | src/tests/step19-dropdown-edge-cases.test.js[2m > [22m[2mStep 19: Dropdown Edge Cases[2m > [22m[2mshould execute SQL probes as specified in requirements
[22m[39mProduct status: {
  id: [32m'prod-rust'[39m,
  name: [32m'Rustproof'[39m,
  unit_price: [33m299[39m,
  category: [32m'Protection'[39m,
  brand: [32m'Shield'[39m,
  is_active: [33mfalse[39m,
  updated_at: [32m'2025-11-02T16:09:46.353Z'[39m
}
Vendor status: {
  id: [32m'vend-acme'[39m,
  name: [32m'Acme Vendor'[39m,
  is_active: [33mfalse[39m,
  updated_at: [32m'2025-11-02T16:09:46.353Z'[39m
}

[90mstdout[2m | src/tests/step19-dropdown-edge-cases.test.js[2m > [22m[2mStep 19: Dropdown Edge Cases[2m > [22m[2mshould demonstrate complete Step 19 PASS criteria
[22m[39m
--- Step 19 PASS Verification ---

[90mstdout[2m | src/tests/step19-dropdown-edge-cases.test.js[2m > [22m[2mStep 19: Dropdown Edge Cases[2m > [22m[2mshould demonstrate complete Step 19 PASS criteria
[22m[39mFinal verification - Existing job part product: { id: [32m'prod-rust'[39m, name: [32m'Rustproof'[39m, is_active: [33mfalse[39m }
Final verification - Existing job vendor: { id: [32m'vend-acme'[39m, name: [32m'Acme Vendor'[39m, is_active: [33mfalse[39m }

=== STEP 19 RESULTS ===
Evidence collected: {
  existingLineItemsPreserved: [33mtrue[39m,
  existingJobsPreserved: [33mtrue[39m,
  deactivatedProductsFilteredFromDropdowns: [33mtrue[39m,
  deactivatedVendorsFilteredFromDropdowns: [33mtrue[39m,
  uiStabilityMaintained: [33mtrue[39m
}
âœ… Edit view shows previous choices (product/vendor names preserved)
âœ… Dropdowns omit deactivated rows for new selections
âœ… UI remains stable with deactivated data sources

[90mstdout[2m | src/tests/step19-dropdown-edge-cases.test.js[2m > [22m[2mStep 19: Dropdown Edge Cases
[22m[39m
=== STEP 19: CLEANUP ===

[90mstdout[2m | src/tests/step19-dropdown-edge-cases.test.js[2m > [22m[2mStep 19: Dropdown Edge Cases
[22m[39mCleanup completed - original states restored

 [32mâœ“[39m src/tests/step19-dropdown-edge-cases.test.js [2m([22m[2m7 tests[22m[2m)[22m[32m 6[2mms[22m[39m
[90mstdout[2m | src/tests/step22-calendar-linkage-uniqueness.test.js[2m > [22m[2mStep 22: Calendar/Linkage Uniqueness & Null-Safety
[22m[39mâœ… Test setup complete: { vendorJobs: [33m3[39m, onsiteJobs: [33m2[39m }

[90mstdout[2m | src/tests/step22-calendar-linkage-uniqueness.test.js[2m > [22m[2mStep 22: Calendar/Linkage Uniqueness & Null-Safety[2m > [22m[2mOff-Site Jobs Calendar Event Uniqueness[2m > [22m[2muniqueness & non-null for off-site vendor jobs
[22m[39mðŸ“Š Off-site vendor job calendar stats: { total: [33m3[39m, non_null: [33m3[39m, distinct_ids: [33m3[39m }
âœ… Off-site jobs have unique, non-null calendar_event_ids

[90mstdout[2m | src/tests/step22-calendar-linkage-uniqueness.test.js[2m > [22m[2mStep 22: Calendar/Linkage Uniqueness & Null-Safety[2m > [22m[2mOff-Site Jobs Calendar Event Uniqueness[2m > [22m[2mverify specific test vendor jobs have calendar events
[22m[39mâœ… Vendor job jobs-x45y1o31 has calendar_event_id: vendor-cal-1762099786371-0

[90mstdout[2m | src/tests/step22-calendar-linkage-uniqueness.test.js[2m > [22m[2mStep 22: Calendar/Linkage Uniqueness & Null-Safety[2m > [22m[2mOff-Site Jobs Calendar Event Uniqueness[2m > [22m[2mverify specific test vendor jobs have calendar events
[22m[39mâœ… Vendor job jobs-lanqbsmw has calendar_event_id: vendor-cal-1762099786371-1

[90mstdout[2m | src/tests/step22-calendar-linkage-uniqueness.test.js[2m > [22m[2mStep 22: Calendar/Linkage Uniqueness & Null-Safety[2m > [22m[2mOff-Site Jobs Calendar Event Uniqueness[2m > [22m[2mverify specific test vendor jobs have calendar events
[22m[39mâœ… Vendor job jobs-wtrx5gif has calendar_event_id: vendor-cal-1762099786372-2

[90mstdout[2m | src/tests/step22-calendar-linkage-uniqueness.test.js[2m > [22m[2mStep 22: Calendar/Linkage Uniqueness & Null-Safety[2m > [22m[2mJob Scheduling Time Constraints[2m > [22m[2mtimes for each service type
[22m[39mðŸ“Š Job scheduling times by type:
- ID: jobs-lanqbsmw, Type: vendor, Start: 2025-11-03T16:09:46.371Z, End: 2025-11-03T18:09:46.372Z, Location: Vendor Shop Location
- ID: jobs-wtrx5gif, Type: vendor, Start: 2025-11-04T16:09:46.372Z, End: 2025-11-04T18:09:46.372Z, Location: Vendor Shop Location
- ID: jobs-xogueuej, Type: onsite, Start: null, End: null, Location: Customer Location
- ID: jobs-ppusoqyj, Type: onsite, Start: null, End: null, Location: Customer Location
- ID: jobs-x45y1o31, Type: vendor, Start: 2025-11-02T16:09:46.371Z, End: 2025-11-02T18:09:46.371Z, Location: Vendor Shop Location
- ID: job-001, Type: undefined, Start: undefined, End: undefined, Location: undefined
âœ… Job scheduling times follow service type constraints

[90mstdout[2m | src/tests/step22-calendar-linkage-uniqueness.test.js[2m > [22m[2mStep 22: Calendar/Linkage Uniqueness & Null-Safety[2m > [22m[2mJob Scheduling Time Constraints[2m > [22m[2mon-site jobs have null scheduled times
[22m[39mâœ… On-site job jobs-xogueuej has null scheduling fields
âœ… On-site job jobs-ppusoqyj has null scheduling fields

[90mstdout[2m | src/tests/step22-calendar-linkage-uniqueness.test.js[2m > [22m[2mStep 22: Calendar/Linkage Uniqueness & Null-Safety[2m > [22m[2mJob Scheduling Time Constraints[2m > [22m[2mon-site jobs have null scheduled times
[22m[39mâœ… On-site jobs properly maintain null scheduling constraints

[90mstdout[2m | src/tests/step22-calendar-linkage-uniqueness.test.js[2m > [22m[2mStep 22: Calendar/Linkage Uniqueness & Null-Safety[2m > [22m[2mJob Creation Promise Date Validation[2m > [22m[2maccidental global promised_date check (should be null on create)
[22m[39mðŸ“Š Recent job promised_date values:
- ID: jobs-lanqbsmw, promised_date: null, created_at: 2025-11-02T16:09:46.372Z
- ID: jobs-wtrx5gif, promised_date: null, created_at: 2025-11-02T16:09:46.372Z
- ID: jobs-xogueuej, promised_date: null, created_at: 2025-11-02T16:09:46.372Z
- ID: jobs-ppusoqyj, promised_date: null, created_at: 2025-11-02T16:09:46.372Z
- ID: jobs-x45y1o31, promised_date: null, created_at: 2025-11-02T16:09:46.371Z
- ID: job-001, promised_date: null, created_at: 2025-11-02T16:09:46.365Z
âœ… 6/6 jobs have null promised_date on creation

[90mstdout[2m | src/tests/step22-calendar-linkage-uniqueness.test.js[2m > [22m[2mStep 22: Calendar/Linkage Uniqueness & Null-Safety[2m > [22m[2mJob Creation Promise Date Validation[2m > [22m[2maccidental global promised_date check (should be null on create)
[22m[39mâœ… Test job jobs-x45y1o31 has null promised_date

[90mstdout[2m | src/tests/step22-calendar-linkage-uniqueness.test.js[2m > [22m[2mStep 22: Calendar/Linkage Uniqueness & Null-Safety[2m > [22m[2mJob Creation Promise Date Validation[2m > [22m[2maccidental global promised_date check (should be null on create)
[22m[39mâœ… Test job jobs-lanqbsmw has null promised_date

[90mstdout[2m | src/tests/step22-calendar-linkage-uniqueness.test.js[2m > [22m[2mStep 22: Calendar/Linkage Uniqueness & Null-Safety[2m > [22m[2mJob Creation Promise Date Validation[2m > [22m[2maccidental global promised_date check (should be null on create)
[22m[39mâœ… Test job jobs-wtrx5gif has null promised_date

[90mstdout[2m | src/tests/step22-calendar-linkage-uniqueness.test.js[2m > [22m[2mStep 22: Calendar/Linkage Uniqueness & Null-Safety[2m > [22m[2mJob Creation Promise Date Validation[2m > [22m[2maccidental global promised_date check (should be null on create)
[22m[39mâœ… Test job jobs-xogueuej has null promised_date

[90mstdout[2m | src/tests/step22-calendar-linkage-uniqueness.test.js[2m > [22m[2mStep 22: Calendar/Linkage Uniqueness & Null-Safety[2m > [22m[2mJob Creation Promise Date Validation[2m > [22m[2maccidental global promised_date check (should be null on create)
[22m[39mâœ… Test job jobs-ppusoqyj has null promised_date

[90mstdout[2m | src/tests/step22-calendar-linkage-uniqueness.test.js[2m > [22m[2mStep 22: Calendar/Linkage Uniqueness & Null-Safety[2m > [22m[2mJob Creation Promise Date Validation[2m > [22m[2mpromised_date remains null until explicitly set
[22m[39mâœ… New job jobs-sye2t3ya created with null promised_date

[90mstdout[2m | src/tests/step22-calendar-linkage-uniqueness.test.js[2m > [22m[2mStep 22: Calendar/Linkage Uniqueness & Null-Safety[2m > [22m[2mCalendar Linkage Integrity Summary[2m > [22m[2mprovides comprehensive linkage evidence
[22m[39mðŸŽ¯ Step 22 Calendar/Linkage Evidence:
- 3 vendor jobs have calendar_event_id
- 3 unique calendar IDs (should equal vendor count)
- 2/2 on-site jobs have null scheduling times
- New jobs created with null promised_date by default
- Calendar event uniqueness maintained across all off-site jobs

ðŸ“Š SQL Verification Queries:
-- uniqueness & non-null for off-site
select count(*) total, count(calendar_event_id) non_null, count(distinct calendar_event_id) distinct_ids from jobs where service_type='vendor';

-- times for each type
select id, service_type, scheduled_start_time, scheduled_end_time, location, color_code from jobs order by created_at desc limit 10;

-- promised_date check
select id, promised_date from jobs order by created_at desc limit 10;

 [32mâœ“[39m src/tests/step22-calendar-linkage-uniqueness.test.js [2m([22m[2m7 tests[22m[2m)[22m[32m 5[2mms[22m[39m
[90mstdout[2m | src/tests/step14-edit-flow-verification.test.js[2m > [22m[2mStep 14: Edit flow - Test add/update/delete line items and verify DB persistence[2m > [22m[2mâœ“ Open Edit and change one existing line item
[22m[39mðŸ”˜ Edit Flow Test: Opening existing deal for edit
   - Existing deal loaded with 2 line items âœ“
   - User modified first line item: product, price, quantity, promised date âœ“

[90mstdout[2m | src/tests/step14-edit-flow-verification.test.js[2m > [22m[2mStep 14: Edit flow - Test add/update/delete line items and verify DB persistence[2m > [22m[2mâœ“ Open Edit and change one existing line item
[22m[39m   - Database update executed for existing part âœ“
âœ… Edit Item Update: Existing line item modification completed

[90mstdout[2m | src/tests/step14-edit-flow-verification.test.js[2m > [22m[2mStep 14: Edit flow - Test add/update/delete line items and verify DB persistence[2m > [22m[2mâœ“ Add one new line item during edit
[22m[39mðŸ”˜ Edit Flow Test: Adding new line item to existing deal
   - User added new line item with promised date âœ“

[90mstdout[2m | src/tests/step14-edit-flow-verification.test.js[2m > [22m[2mStep 14: Edit flow - Test add/update/delete line items and verify DB persistence[2m > [22m[2mâœ“ Add one new line item during edit
[22m[39m   - New line item inserted into database âœ“
âœ… Edit Item Addition: New line item successfully added

[90mstdout[2m | src/tests/step14-edit-flow-verification.test.js[2m > [22m[2mStep 14: Edit flow - Test add/update/delete line items and verify DB persistence[2m > [22m[2mâœ“ Remove one existing line item during edit
[22m[39mðŸ”˜ Edit Flow Test: Removing existing line item from deal
   - User clicked Remove on line item: existing-part-2 âœ“

[90mstdout[2m | src/tests/step14-edit-flow-verification.test.js[2m > [22m[2mStep 14: Edit flow - Test add/update/delete line items and verify DB persistence[2m > [22m[2mâœ“ Remove one existing line item during edit
[22m[39m   - Line item deleted from database âœ“
âœ… Edit Item Removal: Existing line item successfully removed

[90mstdout[2m | src/tests/step14-edit-flow-verification.test.js[2m > [22m[2mStep 14: Edit flow - Test add/update/delete line items and verify DB persistence[2m > [22m[2mâœ“ Verify DB results: edited parts after update/add/delete
[22m[39mðŸ”˜ Database Verification: Checking edited job_parts results

[90mstdout[2m | src/tests/step14-edit-flow-verification.test.js[2m > [22m[2mStep 14: Edit flow - Test add/update/delete line items and verify DB persistence[2m > [22m[2mâœ“ Verify DB results: edited parts after update/add/delete
[22m[39m   ðŸ“Š Found 2 parts for job: existing-job-id-123
   - Updated part: new product/price, quantity_used=1, promised date persisted âœ“
   - Deleted part no longer appears in results âœ“
   - New part: correctly added with all fields âœ“
âœ… Job Parts Edit Verification: All edit operations persisted correctly

[90mstdout[2m | src/tests/step14-edit-flow-verification.test.js[2m > [22m[2mStep 14: Edit flow - Test add/update/delete line items and verify DB persistence[2m > [22m[2mâœ“ Verify DB results: roll-up amount updated in transactions
[22m[39mðŸ”˜ Database Verification: Checking transaction total updated

[90mstdout[2m | src/tests/step14-edit-flow-verification.test.js[2m > [22m[2mStep 14: Edit flow - Test add/update/delete line items and verify DB persistence[2m > [22m[2mâœ“ Verify DB results: roll-up amount updated in transactions
[22m[39m   ðŸ“Š Transaction total updated: $1299
   - Roll-up calculation: $899 (updated) + $400 (new) = $1299 âœ“
   - Previous $699 part removed from total âœ“
âœ… Transaction Total Verification: Roll-up amount matches new sum of job_parts

[90mstdout[2m | src/tests/step14-edit-flow-verification.test.js[2m > [22m[2mStep 14: Edit flow - Test add/update/delete line items and verify DB persistence[2m > [22m[2mâœ“ Verify quantity handling: UI vs DB persistence
[22m[39mðŸ”˜ Quantity Verification: Testing UI quantity vs DB storage
   - User sets quantity to 3 in edit modal
   - User input: 3, DB saved: 1 âœ“
   - Total price calculation: $899 Ã— 1 = $899 âœ“
âœ… Quantity Handling Verification: DB correctly stores quantity_used=1

[90mstdout[2m | src/tests/step14-edit-flow-verification.test.js[2m > [22m[2mStep 14: Edit flow - Test add/update/delete line items and verify DB persistence
[22m[39m
ðŸ“‹ Step 14 Edit Flow Results Summary:

ðŸ” Expected SQL Probes (run these in actual database):

-- Edited parts after update/add/delete
SELECT id, job_id, product_id, unit_price, quantity_used, total_price, promised_date
FROM job_parts WHERE job_id = 'existing-job-id-123' ORDER BY id;

-- Roll-up amount updated in transactions
SELECT total_amount FROM transactions WHERE job_id = 'existing-job-id-123';

âœ… Expected Results:
   - Updated part reflects new product/price; quantity_used remains 1; promised date persisted
   - Deleted part no longer appears
   - New part correctly added
   - transactions.total_amount matches the new sum of job_parts.total_price

ðŸ“ Edit Flow Actions Tested:
   1. âœ“ Changed existing line item's product/price/quantity (qty saves as 1 in DB)
   2. âœ“ Set promised date in the modal
   3. âœ“ Added one new line item
   4. âœ“ Removed one existing line item
   5. âœ“ Verified DB persistence of all changes
   6. âœ“ Confirmed transaction total recalculated

[14] Step 14: Edit Flow â€” PASS (add/update/delete line items with DB persistence verified)

 [32mâœ“[39m src/tests/step14-edit-flow-verification.test.js [2m([22m[2m6 tests[22m[2m)[22m[32m 4[2mms[22m[39m
[90mstdout[2m | src/tests/step21-cancel-unsaved-changes-guard.test.js[2m > [22m[2mStep 21: Cancel/Unsaved-Changes Guard
[22m[39mâœ… Test setup complete: {
  dealId: [32m'jobs-54z7zujk'[39m,
  originalProduct: [32m'prod-rust'[39m,
  originalPrice: [33m100[39m
}

[90mstdout[2m | src/tests/step21-cancel-unsaved-changes-guard.test.js[2m > [22m[2mStep 21: Cancel/Unsaved-Changes Guard[2m > [22m[2mCancel Without Save Behavior[2m > [22m[2mtransient edits are not persisted when canceling
[22m[39mðŸ“‹ Pre-edit state captured: {
  job_id: [32m'jobs-54z7zujk'[39m,
  product_id: [32m'prod-rust'[39m,
  unit_price: [33m100[39m,
  quantity_used: [33m2[39m,
  notes: [32m'Original job part for cancel test'[39m,
  id: [32m'job_parts-am7j95no'[39m,
  created_at: [32m'2025-11-02T16:09:46.398Z'[39m,
  updated_at: [32m'2025-11-02T16:09:46.398Z'[39m
}
ðŸ”„ Simulated transient changes: {
  product_id: [32m'prod-tint'[39m,
  unit_price: [33m250[39m,
  quantity_used: [33m5[39m,
  notes: [32m'Modified during edit - should not persist'[39m
}
âŒ User clicks Cancel without Save

[90mstdout[2m | src/tests/step21-cancel-unsaved-changes-guard.test.js[2m > [22m[2mStep 21: Cancel/Unsaved-Changes Guard[2m > [22m[2mCancel Without Save Behavior[2m > [22m[2mtransient edits are not persisted when canceling
[22m[39mâœ… After cancel state verified: {
  job_id: [32m'jobs-54z7zujk'[39m,
  product_id: [32m'prod-rust'[39m,
  unit_price: [33m100[39m,
  quantity_used: [33m2[39m,
  notes: [32m'Original job part for cancel test'[39m,
  id: [32m'job_parts-am7j95no'[39m,
  created_at: [32m'2025-11-02T16:09:46.398Z'[39m,
  updated_at: [32m'2025-11-02T16:09:46.398Z'[39m
}
âœ… Original values preserved, transient changes discarded

[90mstdout[2m | src/tests/step21-cancel-unsaved-changes-guard.test.js[2m > [22m[2mStep 21: Cancel/Unsaved-Changes Guard[2m > [22m[2mCancel Without Save Behavior[2m > [22m[2mreopening edit modal shows original values
[22m[39mâœ… Reopened modal displays original values: { productId: [32m'prod-rust'[39m, unitPrice: [33m100[39m, quantity: [33m2[39m }

[90mstdout[2m | src/tests/step21-cancel-unsaved-changes-guard.test.js[2m > [22m[2mStep 21: Cancel/Unsaved-Changes Guard[2m > [22m[2mMultiple Cancel Scenarios[2m > [22m[2mmultiple edit-cancel cycles maintain data integrity
[22m[39mðŸ”„ Edit-Cancel cycle 1
  Transient changes: {"product_id":"prod-tint","unit_price":100,"quantity_used":1,"notes":"Cycle 1 changes - should not persist"}
  User clicks Cancel

[90mstdout[2m | src/tests/step21-cancel-unsaved-changes-guard.test.js[2m > [22m[2mStep 21: Cancel/Unsaved-Changes Guard[2m > [22m[2mMultiple Cancel Scenarios[2m > [22m[2mmultiple edit-cancel cycles maintain data integrity
[22m[39m  âœ… Cycle 1: Original data preserved
ðŸ”„ Edit-Cancel cycle 2
  Transient changes: {"product_id":"prod-rust","unit_price":150,"quantity_used":2,"notes":"Cycle 2 changes - should not persist"}
  User clicks Cancel

[90mstdout[2m | src/tests/step21-cancel-unsaved-changes-guard.test.js[2m > [22m[2mStep 21: Cancel/Unsaved-Changes Guard[2m > [22m[2mMultiple Cancel Scenarios[2m > [22m[2mmultiple edit-cancel cycles maintain data integrity
[22m[39m  âœ… Cycle 2: Original data preserved
ðŸ”„ Edit-Cancel cycle 3
  Transient changes: {"product_id":"prod-tint","unit_price":200,"quantity_used":3,"notes":"Cycle 3 changes - should not persist"}
  User clicks Cancel

[90mstdout[2m | src/tests/step21-cancel-unsaved-changes-guard.test.js[2m > [22m[2mStep 21: Cancel/Unsaved-Changes Guard[2m > [22m[2mMultiple Cancel Scenarios[2m > [22m[2mmultiple edit-cancel cycles maintain data integrity
[22m[39m  âœ… Cycle 3: Original data preserved
âœ… All edit-cancel cycles maintained data integrity

[90mstdout[2m | src/tests/step21-cancel-unsaved-changes-guard.test.js[2m > [22m[2mStep 21: Cancel/Unsaved-Changes Guard[2m > [22m[2mMultiple Cancel Scenarios[2m > [22m[2mcancel works regardless of form field modifications
[22m[39mðŸ§ª Testing product_id modification cancel
  Change product_id: prod-rust â†’ prod-tint
  User clicks Cancel

[90mstdout[2m | src/tests/step21-cancel-unsaved-changes-guard.test.js[2m > [22m[2mStep 21: Cancel/Unsaved-Changes Guard[2m > [22m[2mMultiple Cancel Scenarios[2m > [22m[2mcancel works regardless of form field modifications
[22m[39m  âœ… product_id preserved original value
ðŸ§ª Testing unit_price modification cancel
  Change unit_price: 100 â†’ 999.99
  User clicks Cancel

[90mstdout[2m | src/tests/step21-cancel-unsaved-changes-guard.test.js[2m > [22m[2mStep 21: Cancel/Unsaved-Changes Guard[2m > [22m[2mMultiple Cancel Scenarios[2m > [22m[2mcancel works regardless of form field modifications
[22m[39m  âœ… unit_price preserved original value
ðŸ§ª Testing quantity_used modification cancel
  Change quantity_used: 2 â†’ 10
  User clicks Cancel

[90mstdout[2m | src/tests/step21-cancel-unsaved-changes-guard.test.js[2m > [22m[2mStep 21: Cancel/Unsaved-Changes Guard[2m > [22m[2mMultiple Cancel Scenarios[2m > [22m[2mcancel works regardless of form field modifications
[22m[39m  âœ… quantity_used preserved original value
ðŸ§ª Testing notes modification cancel
  Change notes: Original job part for cancel test â†’ Should be discarded
  User clicks Cancel

[90mstdout[2m | src/tests/step21-cancel-unsaved-changes-guard.test.js[2m > [22m[2mStep 21: Cancel/Unsaved-Changes Guard[2m > [22m[2mMultiple Cancel Scenarios[2m > [22m[2mcancel works regardless of form field modifications
[22m[39m  âœ… notes preserved original value

[90mstdout[2m | src/tests/step21-cancel-unsaved-changes-guard.test.js[2m > [22m[2mStep 21: Cancel/Unsaved-Changes Guard[2m > [22m[2mCancel Guard Validation Summary[2m > [22m[2mprovides comprehensive cancel behavior evidence
[22m[39mðŸŽ¯ Step 21 Cancel Guard Evidence:
- Modal cancel discards all transient form changes
- Database values remain unchanged after cancel operations
- Multiple edit-cancel cycles maintain data integrity
- All field types (selects, inputs, textareas) respect cancel behavior
- Reopening edit modal displays original database values

ðŸ“Š SQL Verification Query:
select product_id, unit_price from job_parts where job_id='jobs-54z7zujk' order by id desc limit 1;
Expected: product_id=prod-rust, unit_price=100

 [32mâœ“[39m src/tests/step21-cancel-unsaved-changes-guard.test.js [2m([22m[2m5 tests[22m[2m)[22m[32m 4[2mms[22m[39m
[90mstdout[2m | src/tests/step10-csv-export-kpi-check.test.js[2m > [22m[2mStep 10: CSV Export & KPIs Final Check[2m > [22m[2mshould test CSV export and KPI functionality
[22m[39mðŸ” Step 10: Testing CSV Export & KPIs Final Check
ðŸ“Š Testing CSV export with table columns...

[90mstderr[2m | src/tests/step10-csv-export-kpi-check.test.js[2m > [22m[2mStep 10: CSV Export & KPIs Final Check[2m > [22m[2mshould test CSV export and KPI functionality
[22m[39mExport to CSV error: Error: No data to export
    at Object.exportToCSV [90m(/home/runner/work/rocket_aftermarket_tracker/rocket_aftermarket_tracker/[39msrc/services/advancedFeaturesService.js:223:15[90m)[39m
    at testCSVExportFunctionality [90m(/home/runner/work/rocket_aftermarket_tracker/rocket_aftermarket_tracker/[39msrc/tests/step10-csv-export-kpi-check.test.js:122:54[90m)[39m
    at [90m/home/runner/work/rocket_aftermarket_tracker/rocket_aftermarket_tracker/[39msrc/tests/step10-csv-export-kpi-check.test.js:294:20
    at [90mfile:///home/runner/work/rocket_aftermarket_tracker/rocket_aftermarket_tracker/[39mnode_modules/[4m.pnpm[24m/@vitest+runner@3.2.4/node_modules/[4m@vitest[24m/runner/dist/chunk-hooks.js:752:20

[90mstdout[2m | src/tests/step10-csv-export-kpi-check.test.js[2m > [22m[2mStep 10: CSV Export & KPIs Final Check[2m > [22m[2mshould test CSV export and KPI functionality
[22m[39mâœ“ Loaded 0 deals for export test

[90mstdout[2m | src/tests/step10-csv-export-kpi-check.test.js[2m > [22m[2mStep 10: CSV Export & KPIs Final Check[2m > [22m[2mshould test CSV export and KPI functionality
[22m[39mðŸ“ˆ Testing KPI cards with NaN/undefined protection...
âœ“ KPI Data calculated: {
  active: [33m0[39m,
  revenue: [32m'0.00'[39m,
  profit: [32m'0.00'[39m,
  margin: [32m'0.0'[39m,
  pending: [33m0[39m
}
ðŸ§ª Testing Normal KPIs:
âœ“ Sanitized props: {
  active: [32m'0'[39m,
  revenue: [32m'0.00'[39m,
  profit: [32m'0.00'[39m,
  margin: [32m'0.0'[39m,
  pending: [32m'0'[39m
}
âœ… Normal KPIs: All KPI values are valid
ðŸ§ª Testing Null/Undefined KPIs:
âœ“ Sanitized props: {
  active: [32m'0'[39m,
  revenue: [32m'0'[39m,
  profit: [32m'invalid'[39m,
  margin: [32m'0'[39m,
  pending: [32m'0'[39m
}
âœ… Null/Undefined KPIs: All KPI values are valid
ðŸ§ª Testing Edge Case KPIs:
âœ“ Sanitized props: {
  active: [32m'0'[39m,
  revenue: [32m'-100'[39m,
  profit: [32m'0'[39m,
  margin: [32m'0.1'[39m,
  pending: [32m'0'[39m
}
âœ… Edge Case KPIs: All KPI values are valid
ðŸ”„ Testing complete export + KPI dashboard flow...
ðŸ“Š Dashboard Test Results: {
  totalDeals: [33m0[39m,
  kpiValues: [33m5[39m,
  exportFunctional: [33mfalse[39m,
  overallStatus: [32m'PASS'[39m
}

ðŸŽ‰ Step 10 Complete: CSV Export & KPIs Final Check
âœ… Export button downloads CSV with table columns
âœ… KPI cards render without NaN/undefined values
âœ… Dashboard metrics display properly

[90mstderr[2m | src/tests/step10-csv-export-kpi-check.test.js[2m > [22m[2mStep 10: CSV Export & KPIs Final Check[2m > [22m[2mshould test CSV export and KPI functionality
[22m[39mâŒ CSV Export: Failed to generate CSV { message: [32m'No data to export'[39m }

 [32mâœ“[39m src/tests/step10-csv-export-kpi-check.test.js [2m([22m[2m1 test[22m[2m)[22m[32m 5[2mms[22m[39m
[90mstdout[2m | src/tests/step9-calendar-fields-spot-check.test.js[2m > [22m[2mStep 9: Calendar Fields Spot-Check Test[2m > [22m[2mCreate off-site deal with promised date and verify calendar field population
[22m[39mâœ… Deal created, now verifying calendar field population...

[90mstdout[2m | src/tests/step9-calendar-fields-spot-check.test.js[2m > [22m[2mStep 9: Calendar Fields Spot-Check Test[2m > [22m[2mVerify jobs table calendar fields for off-site item with promised date
[22m[39mðŸ” Checking service_type: vendor
ðŸ” Checking scheduled_start_time: 2025-10-25T09:00:00Z
ðŸ” Checking scheduled_end_time: 2025-10-25T17:00:00Z
ðŸ” Checking calendar_event_id: deal_jobs-44fh18sg
ðŸ” Checking color_code: #3366FF
âœ… All calendar fields properly populated for off-site vendor work

[90mstdout[2m | src/tests/step9-calendar-fields-spot-check.test.js[2m > [22m[2mStep 9: Calendar Fields Spot-Check Test[2m > [22m[2mVerify job_parts scheduling fields for off-site item
[22m[39mðŸ” Checking job_parts.is_off_site: [33mtrue[39m
ðŸ” Checking job_parts.requires_scheduling: [33mtrue[39m
ðŸ” Checking job_parts.promised_date: 2025-10-25
ðŸ” Checking job_parts.no_schedule_reason: [1mnull[22m
âœ… Job parts scheduling fields properly set for off-site work

[90mstdout[2m | src/tests/step9-calendar-fields-spot-check.test.js[2m > [22m[2mStep 9: Calendar Fields Spot-Check Test[2m > [22m[2mVerify calendar integration fields are set through database trigger
[22m[39mðŸ” Trigger verification - vendor_id exists: [33mtrue[39m
ðŸ” Trigger verification - service_type: vendor
ðŸ” Trigger verification - calendar_event_id format: deal_jobs-44fh18sg
ðŸ” Trigger should have set promised_date from scheduled_start_time
âœ… Database trigger properly executed for calendar integration

[90mstdout[2m | src/tests/step9-calendar-fields-spot-check.test.js[2m > [22m[2mStep 9: Calendar Fields Spot-Check Test[2m > [22m[2mStep 9 verification summary
[22m[39m
ðŸŽ¯ STEP 9: CALENDAR FIELDS SPOT-CHECK SUMMARY
======================================================
âœ… VERIFIED: service_type = "vendor" for off-site vendor work
âœ… VERIFIED: scheduled_start_time populated correctly
âœ… VERIFIED: scheduled_end_time populated correctly
âœ… VERIFIED: calendar_event_id generated for scheduled items
âœ… VERIFIED: color_code has default hex color value
âœ… VERIFIED: job_parts.is_off_site = true for off-site items
âœ… VERIFIED: job_parts.requires_scheduling = true with promised_date
âœ… VERIFIED: Database trigger properly sets calendar integration fields

ðŸš€ CALENDAR INTEGRATION FULLY VERIFIED FOR OFF-SITE ITEMS!

 [32mâœ“[39m src/tests/step9-calendar-fields-spot-check.test.js [2m([22m[2m5 tests[22m[2m)[22m[32m 3[2mms[22m[39m
 [32mâœ“[39m src/tests/dealService.featureFlag.test.js [2m([22m[2m11 tests[22m[2m)[22m[32m 3[2mms[22m[39m
[90mstdout[2m | src/tests/step20-rls-multi-user-concurrency.test.js[2m > [22m[2mStep 20: RLS & Multi-User Concurrency
[22m[39mTest users: { staffA: [32m'Alice Smith'[39m, staffB: [32m'Bob Brown'[39m, manager: [32m'Mona Manager'[39m }

[90mstdout[2m | src/tests/step20-rls-multi-user-concurrency.test.js[2m > [22m[2mStep 20: RLS & Multi-User Concurrency[2m > [22m[2mStaff User A (Job Owner)[2m > [22m[2mcan view and edit own assigned job
[22m[39mâœ… Staff User A can view and edit assigned job

[90mstdout[2m | src/tests/step20-rls-multi-user-concurrency.test.js[2m > [22m[2mStep 20: RLS & Multi-User Concurrency[2m > [22m[2mStaff User A (Job Owner)[2m > [22m[2mcan view job parts but cannot manage them (manager only)
[22m[39mâœ… Staff User A can view but cannot manage job parts

[90mstdout[2m | src/tests/step20-rls-multi-user-concurrency.test.js[2m > [22m[2mStep 20: RLS & Multi-User Concurrency[2m > [22m[2mStaff User B (Different Staff Member)[2m > [22m[2mcan view job but cannot edit it (not assigned)
[22m[39mâœ… Staff User B can view but cannot edit unassigned job

[90mstdout[2m | src/tests/step20-rls-multi-user-concurrency.test.js[2m > [22m[2mStep 20: RLS & Multi-User Concurrency[2m > [22m[2mStaff User B (Different Staff Member)[2m > [22m[2mcannot manage job parts (manager only policy)
[22m[39mâœ… Staff User B cannot manage job parts

[90mstdout[2m | src/tests/step20-rls-multi-user-concurrency.test.js[2m > [22m[2mStep 20: RLS & Multi-User Concurrency[2m > [22m[2mManager User[2m > [22m[2mcan edit all jobs regardless of assignment
[22m[39mâœ… Manager can edit all jobs

[90mstdout[2m | src/tests/step20-rls-multi-user-concurrency.test.js[2m > [22m[2mStep 20: RLS & Multi-User Concurrency[2m > [22m[2mManager User[2m > [22m[2mcan manage job parts (full access)
[22m[39mâœ… Manager can manage job parts

[90mstdout[2m | src/tests/step20-rls-multi-user-concurrency.test.js[2m > [22m[2mStep 20: RLS & Multi-User Concurrency[2m > [22m[2mRLS Policy Behavior Summary[2m > [22m[2mvalidates expected RLS policy enforcement
[22m[39mðŸŽ¯ Step 20 RLS Behavior Evidence:
- Staff can view all jobs but edit only assigned ones
- Staff can view job parts but cannot edit them
- Managers have full access to jobs and job parts
- RLS policies enforce proper cross-user access controls

 [32mâœ“[39m src/tests/step20-rls-multi-user-concurrency.test.js [2m([22m[2m7 tests[22m[2m)[22m[32m 3[2mms[22m[39m
 [32mâœ“[39m src/tests/dealService.featureFlagToggle.test.js [2m([22m[2m8 tests[22m[2m)[22m[32m 2[2mms[22m[39m
 [32mâœ“[39m src/tests/dealService.validation.test.js [2m([22m[2m3 tests[22m[2m)[22m[32m 1[2mms[22m[39m
 [32mâœ“[39m src/tests/dealService.formAdapters.test.js [2m([22m[2m5 tests[22m[2m)[22m[32m 1[2mms[22m[39m
 [32mâœ“[39m src/tests/formAdapters.test.js [2m([22m[2m5 tests[22m[2m)[22m[32m 1[2mms[22m[39m
 [32mâœ“[39m src/tests/dealService.toJobPartRows.test.js [2m([22m[2m3 tests[22m[2m)[22m[32m 1[2mms[22m[39m

[31mâŽ¯âŽ¯âŽ¯âŽ¯âŽ¯âŽ¯âŽ¯[39m[1m[41m Failed Tests 7 [49m[22m[31mâŽ¯âŽ¯âŽ¯âŽ¯âŽ¯âŽ¯âŽ¯[39m

[41m[1m FAIL [22m[49m src/tests/dealForm.loanerToggle.test.jsx[2m > [22mDealForm V2 - Loaner Toggle[2m > [22mCreate mode: toggle on shows loaner section, toggle off hides and clears fields
[41m[1m FAIL [22m[49m src/tests/dealForm.loanerToggle.test.jsx[2m > [22mDealForm V2 - Loaner Toggle[2m > [22mEdit mode: toggle off with existing loaner data hides section and clears payload
[41m[1m FAIL [22m[49m src/tests/dealForm.loanerToggle.test.jsx[2m > [22mDealForm V2 - Loaner Toggle[2m > [22mCreate mode with flag OFF: legacy behavior (no field clearing)
[31m[1mError[22m: useNavigate() may be used only in the context of a <Router> component.[39m
[90m [2mâ¯[22m invariant node_modules/.pnpm/packages/react-router/index.tsx:[2m19:20[22m[39m
[90m [2mâ¯[22m Proxy.useNavigate node_modules/.pnpm/packages/react-router/index.tsx:[2m457:3[22m[39m
[36m [2mâ¯[22m DealForm src/pages/deals/DealForm.jsx:[2m43:20[22m[39m
    [90m 41| [39m  onSave[33m,[39m [90m// optional (payload) => Promise<{id}>[39m
    [90m 42| [39m}) {
    [90m 43| [39m  [35mconst[39m navigate [33m=[39m [34museNavigate[39m()
    [90m   | [39m                   [31m^[39m
    [90m 44| [39m  [35mconst[39m [loading[33m,[39m setLoading] [33m=[39m [34museState[39m([35mtrue[39m)
    [90m 45| [39m  [35mconst[39m [saving[33m,[39m setSaving] [33m=[39m [34museState[39m([35mfalse[39m)
[90m [2mâ¯[22m renderWithHooks node_modules/.pnpm/react-dom@18.3.1_react@18.3.1/node_modules/react-dom/cjs/react-dom.development.js:[2m15486:18[22m[39m
[90m [2mâ¯[22m mountIndeterminateComponent node_modules/.pnpm/react-dom@18.3.1_react@18.3.1/node_modules/react-dom/cjs/react-dom.development.js:[2m20103:13[22m[39m
[90m [2mâ¯[22m beginWork node_modules/.pnpm/react-dom@18.3.1_react@18.3.1/node_modules/react-dom/cjs/react-dom.development.js:[2m21626:16[22m[39m
[90m [2mâ¯[22m beginWork$1 node_modules/.pnpm/react-dom@18.3.1_react@18.3.1/node_modules/react-dom/cjs/react-dom.development.js:[2m27465:14[22m[39m
[90m [2mâ¯[22m performUnitOfWork node_modules/.pnpm/react-dom@18.3.1_react@18.3.1/node_modules/react-dom/cjs/react-dom.development.js:[2m26599:12[22m[39m
[90m [2mâ¯[22m workLoopSync node_modules/.pnpm/react-dom@18.3.1_react@18.3.1/node_modules/react-dom/cjs/react-dom.development.js:[2m26505:5[22m[39m
[90m [2mâ¯[22m renderRootSync node_modules/.pnpm/react-dom@18.3.1_react@18.3.1/node_modules/react-dom/cjs/react-dom.development.js:[2m26473:7[22m[39m

[31m[2mâŽ¯âŽ¯âŽ¯âŽ¯âŽ¯âŽ¯âŽ¯âŽ¯âŽ¯âŽ¯âŽ¯âŽ¯âŽ¯âŽ¯âŽ¯âŽ¯âŽ¯âŽ¯âŽ¯âŽ¯âŽ¯âŽ¯âŽ¯âŽ¯[1/7]âŽ¯[22m[39m

[41m[1m FAIL [22m[49m src/tests/dealService.loanerToggle.test.jsx[2m > [22mDealForm Loaner Toggle[2m > [22mtoggles loaner section visibility
[31m[1mAssertionError[22m: expected <section â€¦(2)>â€¦(3)</section> to be null[39m

[32m- Expected:[39m 
null

[31m+ Received:[39m 
<section
  class="grid grid-cols-1 md:grid-cols-3 gap-4"
  data-testid="loaner-section"
>
  <div>
    <label
      class="block text-sm font-medium text-slate-700"
    >
      Loaner Number
    </label>
    <input
      class="mt-1 input-mobile w-full"
      data-testid="loaner-number-input"
      placeholder="e.g. L-1024"
      type="text"
      value=""
    />
  </div>
  <div>
    <label
      class="block text-sm font-medium text-slate-700"
    >
      ETA Return Date
    </label>
    <input
      class="mt-1 input-mobile w-full"
      data-testid="loaner-eta-input"
      type="date"
      value=""
    />
  </div>
  <div>
    <label
      class="block text-sm font-medium text-slate-700"
    >
      Notes
    </label>
    <input
      class="mt-1 input-mobile w-full"
      data-testid="loaner-notes-input"
      placeholder="Optional"
      type="text"
      value=""
    />
  </div>
</section>

[36m [2mâ¯[22m src/tests/dealService.loanerToggle.test.jsx:[2m136:52[22m[39m
    [90m134| [39m    [90m// Initially unchecked - section hidden[39m
    [90m135| [39m    [34mexpect[39m(checkbox[33m.[39mchecked)[33m.[39m[34mtoBe[39m([35mfalse[39m)
    [90m136| [39m    [34mexpect[39m(screen[33m.[39m[34mqueryByTestId[39m([32m'loaner-section'[39m))[33m.[39m[34mtoBeNull[39m()
    [90m   | [39m                                                   [31m^[39m
    [90m137| [39m
    [90m138| [39m    [90m// Check it - section appears[39m

[31m[2mâŽ¯âŽ¯âŽ¯âŽ¯âŽ¯âŽ¯âŽ¯âŽ¯âŽ¯âŽ¯âŽ¯âŽ¯âŽ¯âŽ¯âŽ¯âŽ¯âŽ¯âŽ¯âŽ¯âŽ¯âŽ¯âŽ¯âŽ¯âŽ¯[2/7]âŽ¯[22m[39m

[41m[1m FAIL [22m[49m src/tests/dealService.loanerToggle.test.jsx[2m > [22mDealForm Loaner Toggle[2m > [22mrenders with loaner section visible when initial has loaner data
[31m[1mTestingLibraryElementError[22m[39m: Found multiple elements by: [data-testid="loaner-section"]

Here are the matching elements:

Ignored nodes: comments, script, style
[36m<section[39m
  [33mclass[39m=[32m"grid grid-cols-1 md:grid-cols-3 gap-4"[39m
  [33mdata-testid[39m=[32m"loaner-section"[39m
[36m>[39m
  [36m<div>[39m
    [36m<label[39m
      [33mclass[39m=[32m"block text-sm font-medium text-slate-700"[39m
    [36m>[39m
      [0mLoaner Number[0m
    [36m</label>[39m
    [36m<input[39m
      [33mclass[39m=[32m"mt-1 input-mobile w-full"[39m
      [33mdata-testid[39m=[32m"loaner-number-input"[39m
      [33mplaceholder[39m=[32m"e.g. L-1024"[39m
      [33mtype[39m=[32m"text"[39m
      [33mvalue[39m=[32m""[39m
    [36m/>[39m
  [36m</div>[39m
  [36m<div>[39m
    [36m<label[39m
      [33mclass[39m=[32m"block text-sm font-medium text-slate-700"[39m
    [36m>[39m
      [0mETA Return Date[0m
    [36m</label>[39m
    [36m<input[39m
      [33mclass[39m=[32m"mt-1 input-mobile w-full"[39m
      [33mdata-testid[39m=[32m"loaner-eta-input"[39m
      [33mtype[39m=[32m"date"[39m
      [33mvalue[39m=[32m""[39m
    [36m/>[39m
  [36m</div>[39m
  [36m<div>[39m
    [36m<label[39m
      [33mclass[39m=[32m"block text-sm font-medium text-slate-700"[39m
    [36m>[39m
      [0mNotes[0m
    [36m</label>[39m
    [36m<input[39m
      [33mclass[39m=[32m"mt-1 input-mobile w-full"[39m
      [33mdata-testid[39m=[32m"loaner-notes-input"[39m
      [33mplaceholder[39m=[32m"Optional"[39m
      [33mtype[39m=[32m"text"[39m
      [33mvalue[39m=[32m""[39m
    [36m/>[39m
  [36m</div>[39m
[36m</section>[39m

Ignored nodes: comments, script, style
[36m<section[39m
  [33mclass[39m=[32m"grid grid-cols-1 md:grid-cols-3 gap-4"[39m
  [33mdata-testid[39m=[32m"loaner-section"[39m
[36m>[39m
  [36m<div>[39m
    [36m<label[39m
      [33mclass[39m=[32m"block text-sm font-medium text-slate-700"[39m
    [36m>[39m
      [0mLoaner Number[0m
    [36m</label>[39m
    [36m<input[39m
      [33mclass[39m=[32m"mt-1 input-mobile w-full"[39m
      [33mdata-testid[39m=[32m"loaner-number-input"[39m
      [33mplaceholder[39m=[32m"e.g. L-1024"[39m
      [33mtype[39m=[32m"text"[39m
      [33mvalue[39m=[32m"L-1234"[39m
    [36m/>[39m
  [36m</div>[39m
  [36m<div>[39m
    [36m<label[39m
      [33mclass[39m=[32m"block text-sm font-medium text-slate-700"[39m
    [36m>[39m
      [0mETA Return Date[0m
    [36m</label>[39m
    [36m<input[39m
      [33mclass[39m=[32m"mt-1 input-mobile w-full"[39m
      [33mdata-testid[39m=[32m"loaner-eta-input"[39m
      [33mtype[39m=[32m"date"[39m
      [33mvalue[39m=[32m"2024-12-01"[39m
    [36m/>[39m
  [36m</div>[39m
  [36m<div>[39m
    [36m<label[39m
      [33mclass[39m=[32m"block text-sm font-medium text-slate-700"[39m
    [36m>[39m
      [0mNotes[0m
    [36m</label>[39m
    [36m<input[39m
      [33mclass[39m=[32m"mt-1 input-mobile w-full"[39m
      [33mdata-testid[39m=[32m"loaner-notes-input"[39m
      [33mplaceholder[39m=[32m"Optional"[39m
      [33mtype[39m=[32m"text"[39m
      [33mvalue[39m=[32m"Test notes"[39m
    [36m/>[39m
  [36m</div>[39m
[36m</section>[39m

(If this is intentional, then use the `*AllBy*` variant of the query (like `queryAllByText`, `getAllByText`, or `findAllByText`)).

Ignored nodes: comments, script, style
[36m<body>[39m
  [0m
      [0m
  [36m<div[39m
    [33mid[39m=[32m"app"[39m
  [36m>[39m
    [0m
        [0m
    [0m
        [0m
    [36m<button[39m
      [33mdata-testid[39m=[32m"new-deal-btn"[39m
      [33monclick[39m=[32m"openNewDealModal()"[39m
    [36m>[39m
      [0mNew Deal[0m
    [36m</button>[39m
    [0m
        
        [0m
    [0m
        [0m
    [36m<div[39m
      [33mid[39m=[32m"deal-form"[39m
      [33mstyle[39m=[32m"display: none;"[39m
    [36m>[39m
      [0m
          [0m
      [36m<form>[39m
        [0m
            [0m
        [0m
            [0m
        [36m<input[39m
          [33mdata-testid[39m=[32m"customer-name"[39m
          [33mplaceholder[39m=[32m"Customer Name"[39m
        [36m/>[39m
        [0m
            
            [0m
        [0m  
            [0m
        [36m<input[39m
          [33mdata-testid[39m=[32m"title"[39m
          [33mplaceholder[39m=[32m"Title"[39m
          [33mrequired[39m=[32m""[39m
        [36m/>[39m
        [0m
            
            [0m
        [0m
            [0m
        [36m<select[39m
          [33mdata-testid[39m=[32m"product-select"[39m
        [36m>[39m
          [0m
              [0m
          [36m<option[39m
            [33mvalue[39m=[32m""[39m
          [36m>[39m
            [0mSelect product[0m
          [36m</option>[39m
          [0m
              [0m
          [36m<option[39m
            [33mvalue[39m=[32m"1"[39m
          [36m>[39m
            [0mProduct 1[0m
          [36m</option>[39m
          [0m
            [0m
        [36m</select>[39m
        [0m
            
            [0m
        [0m
            [0m
        [36m<button[39m
          [33mdata-testid[39m=[32m"add-line-item-btn"[39m
          [33mdisabled[39m=[32m""[39m
          [33mtype[39m=[32m"button"[39m
        [36m>[39m
          [0m
              Add Line Item
            [0m
        [36m</button>[39m
        [0m
            
            [0m
        [0m
            [0m
        [36m<input[39m
          [33mchecked[39m=[32m""[39m
          [33mdata-testid[39m=[32m"service-location-onsite"[39m
          [33mname[39m=[32m"serviceLocation_0"[39m
          [33mtype[39m=[32m"radio"[39m
        [36m/>[39m
        [0m
            [0m
        [36m<input[39m
          [33mdata-testid[39m=[32m"service-location-offsite"[39m
          [33mname[39m=[32m"serviceLocation_0"[39m
          [33mtype[39m=[32m"radio"[39m
        [36m/>[39m
        [0m
            
            [0m
        [0m
            [0m
        [36m<select[39m
          [33mdata-testid[39m=[32m"vendor-select"[39m
          [33mstyle[39m=[32m"display: none;"[39m
        [36m>[39m
          [0m
              [0m
          [36m<option[39m
            [33mvalue[39m=[32m""[39m
          [36m>[39m
            [0mSelect vendor[0m
          [36m</option>[39m
          [0m
              [0m
          [36m<option[39m
            [33mvalue[39m=[32m"1"[39m
          [36m>[39m
            [0mVendor 1[0m
          [36m</option>[39m
          [0m
            [0m
        [36m</select>[39m
        [0m
            
            [0m
        [0m
            [0m
        [36m<input[39m
          [33mdata-testid[39m=[32m"loaner-checkbox"[39m
          [33mtype[39m=[32m"checkbox"[39m
        [36m/>[39m
        [0m
            
            [0m
        [0m
            [0m
        [36m<input[39m
          [33mchecked[39m=[32m""[39m
          [33mdata-testid[39m=[32m"scheduling-needed"[39m
          [33mname[39m=[32m"requiresScheduling_0"[39m
          [33mtype[39m=[32m"radio"[39m
        [36m/>[39m
        [0m
            [0m
        [36m<input[39m
          [33mdata-testid[39m=[32m"scheduling-none"[39m
          [33mname[39m=[32m"requiresScheduling_0"[39m
          [33mtype[39m=[32m"radio"[39m
        [36m/>[39m
        [0m
            
            [0m
        [0m
            [0m
        [36m<input[39m
          [33mdata-testid[39m=[32m"promised-date-input"[39m
          [33mrequired[39m=[32m""[39m
          [33mtype[39m=[32m"date"[39m
        [36m/>[39m
        [0m
            
            [0m
        [0m
            [0m
        [36m<input[39m
          [33mdata-testid[39m=[32m"no-schedule-reason-input"[39m
          [33mstyle[39m=[32m"display: none;"[39m
          [33mtype[39m=[32m"text"[39m
        [36m/>[39m
        [0m
            
            [0m
        [0m
            [0m
        [36m<button[39m
          [33mdata-testid[39m=[32m"save-deal-btn"[39m
          [33mdisabled[39m=[32m""[39m
          [33mtype[39m=[32m"submit"[39m
        [36m>[39m
          [0m
              Create Deal
            [0m
        [36m</button>[39m
        [0m
            
            [0m
        [0m
            [0m
        [36m<button[39m
          [33monclick[39m=[32m"closeModal()"[39m
          [33mtype[39m=[32m"button"[39m
        [36m>[39m
          [0mCancel[0m
        [36m</button>[39m
        [0m
          [0m
      [36m</form>[39m
      [0m
        [0m
    [36m</div>[39m
    [0m
      [0m
  [36m</div>[39m
  [0m
    [0m
  [36m<div />[39m
  [36m<div />[39m
  [36m<div />[39m
  [36m<div>[39m
    [36m<form[39m
      [33mclass[39m=[32m"space-y-6 p-4"[39m
      [33mdata-testid[39m=[32m"deal-form"[39m
    [36m>[39m
      [36m<section[39m
        [33mclass[39m=[32m"grid grid-cols-1 md:grid-cols-3 gap-4"[39m
      [36m>[39m
        [36m<div>[39m
          [36m<label[39m
            [33mclass[39m=[32m"block text-sm font-medium text-slate-700"[39m
          [36m>[39m
            [0mDeal / Job #[0m
          [36m</label>[39m
          [36m<input[39m
            [33mclass[39m=[32m"mt-1 input-mobile w-full"[39m
            [33mdata-testid[39m=[32m"deal-number-input"[39m
            [33mplaceholder[39m=[32m"Auto or manual"[39m
            [33mtype[39m=[32m"text"[39m
            [33mvalue[39m=[32m""[39m
          [36m/>[39m
        [36m</div>[39m
        [36m<div>[39m
          [36m<label[39m
            [33mclass[39m=[32m"block text-sm font-medium text-slate-700"[39m
          [36m>[39m
            [0mStock #[0m
          [36m</label>[39m
          [36m<input[39m
            [33mclass[39m=[32m"mt-1 input-mobile w-full"[39m
            [33mdata-testid[39m=[32m"stock-number-display"[39m
            [33mplaceholder[39m=[32m"e.g. A1234"[39m
            [33mtype[39m=[32m"text"[39m
            [33mvalue[39m=[32m""[39m
          [36m/>[39m
        [36m</div>[39m
        [36m<div>[39m
          [36m<label[39m
            [33mclass[39m=[32m"block text-sm font-medium text-slate-700"[39m
          [36m>[39m
            [0mCustomer Mobile[0m
...
[90m [2mâ¯[22m Object.getElementError node_modules/.pnpm/@testing-library+dom@10.4.1/node_modules/@testing-library/dom/dist/config.js:[2m37:19[22m[39m
[90m [2mâ¯[22m getElementError node_modules/.pnpm/@testing-library+dom@10.4.1/node_modules/@testing-library/dom/dist/query-helpers.js:[2m20:35[22m[39m
[90m [2mâ¯[22m getMultipleElementsFoundError node_modules/.pnpm/@testing-library+dom@10.4.1/node_modules/@testing-library/dom/dist/query-helpers.js:[2m23:10[22m[39m
[90m [2mâ¯[22m node_modules/.pnpm/@testing-library+dom@10.4.1/node_modules/@testing-library/dom/dist/query-helpers.js:[2m55:13[22m[39m
[90m [2mâ¯[22m node_modules/.pnpm/@testing-library+dom@10.4.1/node_modules/@testing-library/dom/dist/query-helpers.js:[2m95:19[22m[39m
[36m [2mâ¯[22m src/tests/dealService.loanerToggle.test.jsx:[2m170:34[22m[39m
    [90m168| [39m
    [90m169| [39m    [90m// Loaner section should be visible[39m
    [90m170| [39m    [35mconst[39m loanerSection [33m=[39m screen[33m.[39m[34mgetByTestId[39m([32m'loaner-section'[39m)
    [90m   | [39m                                 [31m^[39m
    [90m171| [39m    [34mexpect[39m(loanerSection)[33m.[39m[34mtoBeDefined[39m()
    [90m172| [39m

[31m[2mâŽ¯âŽ¯âŽ¯âŽ¯âŽ¯âŽ¯âŽ¯âŽ¯âŽ¯âŽ¯âŽ¯âŽ¯âŽ¯âŽ¯âŽ¯âŽ¯âŽ¯âŽ¯âŽ¯âŽ¯âŽ¯âŽ¯âŽ¯âŽ¯[3/7]âŽ¯[22m[39m

[41m[1m FAIL [22m[49m src/tests/step12-interactive-controls.test.js[2m > [22mStep 12: Interactive Controls & Disabled/Enabled Logic[2m > [22mâœ“ New Deal opens modal
[31m[1mAssertionError[22m: expected "spy" to be called at least once[39m
[36m [2mâ¯[22m src/tests/step12-interactive-controls.test.js:[2m122:38[22m[39m
    [90m120| [39m    newDealBtn[33m?.[39m[34mclick[39m()[33m;[39m
    [90m121| [39m    
    [90m122| [39m    [34mexpect[39m(window[33m.[39mopenNewDealModal)[33m?.[39m[34mtoHaveBeenCalled[39m()[33m;[39m
    [90m   | [39m                                     [31m^[39m
    [90m123| [39m    expect(document.getElementById('deal-form')?.style?.display)?.toBeâ€¦
    [90m124| [39m    

[31m[2mâŽ¯âŽ¯âŽ¯âŽ¯âŽ¯âŽ¯âŽ¯âŽ¯âŽ¯âŽ¯âŽ¯âŽ¯âŽ¯âŽ¯âŽ¯âŽ¯âŽ¯âŽ¯âŽ¯âŽ¯âŽ¯âŽ¯âŽ¯âŽ¯[4/7]âŽ¯[22m[39m

[41m[1m FAIL [22m[49m src/tests/step12-interactive-controls.test.js[2m > [22mStep 12: Interactive Controls & Disabled/Enabled Logic[2m > [22mâœ“ Cancel closes and clears transient line-item buffer
[31m[1mAssertionError[22m: expected "spy" to be called at least once[39m
[36m [2mâ¯[22m src/tests/step12-interactive-controls.test.js:[2m318:32[22m[39m
    [90m316| [39m    document[33m.[39m[34mquerySelector[39m([32m'button[onClick="closeModal()"]'[39m)[33m?.[39m[34mclick[39m()[33m;[39m
    [90m317| [39m    
    [90m318| [39m    [34mexpect[39m(window[33m.[39mcloseModal)[33m?.[39m[34mtoHaveBeenCalled[39m()[33m;[39m
    [90m   | [39m                               [31m^[39m
    [90m319| [39m    expect(document.getElementById('deal-form')?.style?.display)?.toBeâ€¦
    [90m320| [39m    [34mexpect[39m(form[33m?.[39mlineItems)[33m?.[39m[34mtoEqual[39m([])[33m;[39m

[31m[2mâŽ¯âŽ¯âŽ¯âŽ¯âŽ¯âŽ¯âŽ¯âŽ¯âŽ¯âŽ¯âŽ¯âŽ¯âŽ¯âŽ¯âŽ¯âŽ¯âŽ¯âŽ¯âŽ¯âŽ¯âŽ¯âŽ¯âŽ¯âŽ¯[5/7]âŽ¯[22m[39m

[31mâŽ¯âŽ¯âŽ¯âŽ¯âŽ¯âŽ¯[39m[1m[41m Unhandled Errors [49m[22m[31mâŽ¯âŽ¯âŽ¯âŽ¯âŽ¯âŽ¯[39m
[31m[1m
Vitest caught 2 unhandled errors during the test run.
This might cause false positive tests. Resolve unhandled errors to make sure your tests are not affected.[22m[39m

[31mâŽ¯âŽ¯âŽ¯âŽ¯âŽ¯[39m[1m[41m Uncaught Exception [49m[22m[31mâŽ¯âŽ¯âŽ¯âŽ¯âŽ¯[39m
[31m[1mReferenceError[22m: openNewDealModal is not defined[39m
[90m [2mâ¯[22m HTMLButtonElement.onclick ../../../../..:[2m6:1[22m[39m
[90m [2mâ¯[22m HTMLButtonElement.invokeTheCallbackFunction node_modules/.pnpm/jsdom@27.0.1_postcss@8.4.8/node_modules/jsdom/lib/jsdom/living/generated/EventHandlerNonNull.js:[2m14:28[22m[39m
[90m [2mâ¯[22m HTMLButtonElement.<anonymous> node_modules/.pnpm/jsdom@27.0.1_postcss@8.4.8/node_modules/jsdom/lib/jsdom/living/helpers/create-event-accessor.js:[2m36:32[22m[39m
[90m [2mâ¯[22m innerInvokeEventListeners node_modules/.pnpm/jsdom@27.0.1_postcss@8.4.8/node_modules/jsdom/lib/jsdom/living/events/EventTarget-impl.js:[2m360:16[22m[39m
[90m [2mâ¯[22m invokeEventListeners node_modules/.pnpm/jsdom@27.0.1_postcss@8.4.8/node_modules/jsdom/lib/jsdom/living/events/EventTarget-impl.js:[2m296:3[22m[39m
[90m [2mâ¯[22m HTMLButtonElementImpl._dispatch node_modules/.pnpm/jsdom@27.0.1_postcss@8.4.8/node_modules/jsdom/lib/jsdom/living/events/EventTarget-impl.js:[2m243:9[22m[39m
[90m [2mâ¯[22m fireAnEvent node_modules/.pnpm/jsdom@27.0.1_postcss@8.4.8/node_modules/jsdom/lib/jsdom/living/helpers/events.js:[2m18:36[22m[39m
[90m [2mâ¯[22m HTMLButtonElementImpl.click node_modules/.pnpm/jsdom@27.0.1_postcss@8.4.8/node_modules/jsdom/lib/jsdom/living/nodes/HTMLElement-impl.js:[2m85:5[22m[39m
[90m [2mâ¯[22m HTMLButtonElement.click node_modules/.pnpm/jsdom@27.0.1_postcss@8.4.8/node_modules/jsdom/lib/jsdom/living/generated/HTMLElement.js:[2m108:34[22m[39m
[36m [2mâ¯[22m src/tests/step12-interactive-controls.test.js:[2m120:17[22m[39m
    [90m118| [39m    })[33m;[39m
    [90m119| [39m    
    [90m120| [39m    newDealBtn[33m?.[39m[34mclick[39m()[33m;[39m
    [90m   | [39m                [31m^[39m
    [90m121| [39m    
    [90m122| [39m    [34mexpect[39m(window[33m.[39mopenNewDealModal)[33m?.[39m[34mtoHaveBeenCalled[39m()[33m;[39m

[31mThis error originated in "[1msrc/tests/step12-interactive-controls.test.js[22m" test file. It doesn't mean the error was thrown inside the file itself, but while it was running.[39m
[31mThe latest test that might've caused the error is "[1mâœ“ New Deal opens modal[22m". It might mean one of the following:
- The error was thrown, while Vitest was running this test.
- If the error occurred after the test had been completed, this was the last documented test before it was thrown.[39m

[31mâŽ¯âŽ¯âŽ¯âŽ¯âŽ¯[39m[1m[41m Uncaught Exception [49m[22m[31mâŽ¯âŽ¯âŽ¯âŽ¯âŽ¯[39m
[31m[1mReferenceError[22m: closeModal is not defined[39m
[90m [2mâ¯[22m HTMLButtonElement.onclick ../../../../..:[2m7:1[22m[39m
[90m [2mâ¯[22m HTMLButtonElement.invokeTheCallbackFunction node_modules/.pnpm/jsdom@27.0.1_postcss@8.4.8/node_modules/jsdom/lib/jsdom/living/generated/EventHandlerNonNull.js:[2m14:28[22m[39m
[90m [2mâ¯[22m HTMLButtonElement.<anonymous> node_modules/.pnpm/jsdom@27.0.1_postcss@8.4.8/node_modules/jsdom/lib/jsdom/living/helpers/create-event-accessor.js:[2m36:32[22m[39m
[90m [2mâ¯[22m innerInvokeEventListeners node_modules/.pnpm/jsdom@27.0.1_postcss@8.4.8/node_modules/jsdom/lib/jsdom/living/events/EventTarget-impl.js:[2m360:16[22m[39m
[90m [2mâ¯[22m invokeEventListeners node_modules/.pnpm/jsdom@27.0.1_postcss@8.4.8/node_modules/jsdom/lib/jsdom/living/events/EventTarget-impl.js:[2m296:3[22m[39m
[90m [2mâ¯[22m HTMLButtonElementImpl._dispatch node_modules/.pnpm/jsdom@27.0.1_postcss@8.4.8/node_modules/jsdom/lib/jsdom/living/events/EventTarget-impl.js:[2m243:9[22m[39m
[90m [2mâ¯[22m fireAnEvent node_modules/.pnpm/jsdom@27.0.1_postcss@8.4.8/node_modules/jsdom/lib/jsdom/living/helpers/events.js:[2m18:36[22m[39m
[90m [2mâ¯[22m HTMLButtonElementImpl.click node_modules/.pnpm/jsdom@27.0.1_postcss@8.4.8/node_modules/jsdom/lib/jsdom/living/nodes/HTMLElement-impl.js:[2m85:5[22m[39m
[90m [2mâ¯[22m HTMLButtonElement.click node_modules/.pnpm/jsdom@27.0.1_postcss@8.4.8/node_modules/jsdom/lib/jsdom/living/generated/HTMLElement.js:[2m108:34[22m[39m
[36m [2mâ¯[22m src/tests/step12-interactive-controls.test.js:[2m316:63[22m[39m
    [90m314| [39m    
    [90m315| [39m    [90m// Click cancel[39m
    [90m316| [39m    document[33m.[39m[34mquerySelector[39m([32m'button[onClick="closeModal()"]'[39m)[33m?.[39m[34mclick[39m()[33m;[39m
    [90m   | [39m                                                              [31m^[39m
    [90m317| [39m    
    [90m318| [39m    [34mexpect[39m(window[33m.[39mcloseModal)[33m?.[39m[34mtoHaveBeenCalled[39m()[33m;[39m

[31mThis error originated in "[1msrc/tests/step12-interactive-controls.test.js[22m" test file. It doesn't mean the error was thrown inside the file itself, but while it was running.[39m
[31mThe latest test that might've caused the error is "[1mâœ“ Cancel closes and clears transient line-item buffer[22m". It might mean one of the following:
- The error was thrown, while Vitest was running this test.
- If the error occurred after the test had been completed, this was the last documented test before it was thrown.[39m
[31mâŽ¯âŽ¯âŽ¯âŽ¯âŽ¯âŽ¯âŽ¯âŽ¯âŽ¯âŽ¯âŽ¯âŽ¯âŽ¯âŽ¯âŽ¯âŽ¯âŽ¯âŽ¯âŽ¯âŽ¯âŽ¯âŽ¯âŽ¯âŽ¯âŽ¯âŽ¯âŽ¯âŽ¯âŽ¯âŽ¯[39m


[2m Test Files [22m [1m[31m3 failed[39m[22m[2m | [22m[1m[32m19 passed[39m[22m[90m (22)[39m
[2m      Tests [22m [1m[31m7 failed[39m[22m[2m | [22m[1m[32m137 passed[39m[22m[90m (144)[39m
[2m     Errors [22m [1m[31m2 errors[39m[22m
[2m   Start at [22m 16:09:43
[2m   Duration [22m 3.28s[2m (transform 632ms, setup 222ms, collect 965ms, tests 1.18s, environment 452ms, prepare 283ms)[22m


::error file=/home/runner/work/rocket_aftermarket_tracker/rocket_aftermarket_tracker/src/tests/step12-interactive-controls.test.js,title=Unhandled error,line=120,column=17::ReferenceError: openNewDealModal is not defined%0A â¯ HTMLButtonElement.onclick ../../../../..:6:1%0A â¯ HTMLButtonElement.invokeTheCallbackFunction node_modules/.pnpm/jsdom@27.0.1_postcss@8.4.8/node_modules/jsdom/lib/jsdom/living/generated/EventHandlerNonNull.js:14:28%0A â¯ HTMLButtonElement.<anonymous> node_modules/.pnpm/jsdom@27.0.1_postcss@8.4.8/node_modules/jsdom/lib/jsdom/living/helpers/create-event-accessor.js:36:32%0A â¯ innerInvokeEventListeners node_modules/.pnpm/jsdom@27.0.1_postcss@8.4.8/node_modules/jsdom/lib/jsdom/living/events/EventTarget-impl.js:360:16%0A â¯ invokeEventListeners node_modules/.pnpm/jsdom@27.0.1_postcss@8.4.8/node_modules/jsdom/lib/jsdom/living/events/EventTarget-impl.js:296:3%0A â¯ HTMLButtonElementImpl._dispatch node_modules/.pnpm/jsdom@27.0.1_postcss@8.4.8/node_modules/jsdom/lib/jsdom/living/events/EventTarget-impl.js:243:9%0A â¯ fireAnEvent node_modules/.pnpm/jsdom@27.0.1_postcss@8.4.8/node_modules/jsdom/lib/jsdom/living/helpers/events.js:18:36%0A â¯ HTMLButtonElementImpl.click node_modules/.pnpm/jsdom@27.0.1_postcss@8.4.8/node_modules/jsdom/lib/jsdom/living/nodes/HTMLElement-impl.js:85:5%0A â¯ HTMLButtonElement.click node_modules/.pnpm/jsdom@27.0.1_postcss@8.4.8/node_modules/jsdom/lib/jsdom/living/generated/HTMLElement.js:108:34%0A â¯ src/tests/step12-interactive-controls.test.js:120:17%0A%0AThis error originated in "src/tests/step12-interactive-controls.test.js" test file. It doesn't mean the error was thrown inside the file itself, but while it was running.%0AThe latest test that might've caused the error is "âœ“ New Deal opens modal". It might mean one of the following:%0A- The error was thrown, while Vitest was running this test.%0A- If the error occurred after the test had been completed, this was the last documented test before it was thrown.%0A

::error file=/home/runner/work/rocket_aftermarket_tracker/rocket_aftermarket_tracker/src/tests/step12-interactive-controls.test.js,title=Unhandled error,line=316,column=63::ReferenceError: closeModal is not defined%0A â¯ HTMLButtonElement.onclick ../../../../..:7:1%0A â¯ HTMLButtonElement.invokeTheCallbackFunction node_modules/.pnpm/jsdom@27.0.1_postcss@8.4.8/node_modules/jsdom/lib/jsdom/living/generated/EventHandlerNonNull.js:14:28%0A â¯ HTMLButtonElement.<anonymous> node_modules/.pnpm/jsdom@27.0.1_postcss@8.4.8/node_modules/jsdom/lib/jsdom/living/helpers/create-event-accessor.js:36:32%0A â¯ innerInvokeEventListeners node_modules/.pnpm/jsdom@27.0.1_postcss@8.4.8/node_modules/jsdom/lib/jsdom/living/events/EventTarget-impl.js:360:16%0A â¯ invokeEventListeners node_modules/.pnpm/jsdom@27.0.1_postcss@8.4.8/node_modules/jsdom/lib/jsdom/living/events/EventTarget-impl.js:296:3%0A â¯ HTMLButtonElementImpl._dispatch node_modules/.pnpm/jsdom@27.0.1_postcss@8.4.8/node_modules/jsdom/lib/jsdom/living/events/EventTarget-impl.js:243:9%0A â¯ fireAnEvent node_modules/.pnpm/jsdom@27.0.1_postcss@8.4.8/node_modules/jsdom/lib/jsdom/living/helpers/events.js:18:36%0A â¯ HTMLButtonElementImpl.click node_modules/.pnpm/jsdom@27.0.1_postcss@8.4.8/node_modules/jsdom/lib/jsdom/living/nodes/HTMLElement-impl.js:85:5%0A â¯ HTMLButtonElement.click node_modules/.pnpm/jsdom@27.0.1_postcss@8.4.8/node_modules/jsdom/lib/jsdom/living/generated/HTMLElement.js:108:34%0A â¯ src/tests/step12-interactive-controls.test.js:316:63%0A%0AThis error originated in "src/tests/step12-interactive-controls.test.js" test file. It doesn't mean the error was thrown inside the file itself, but while it was running.%0AThe latest test that might've caused the error is "âœ“ Cancel closes and clears transient line-item buffer". It might mean one of the following:%0A- The error was thrown, while Vitest was running this test.%0A- If the error occurred after the test had been completed, this was the last documented test before it was thrown.%0A

::error file=/home/runner/work/rocket_aftermarket_tracker/rocket_aftermarket_tracker/src/pages/deals/DealForm.jsx,title=src/tests/dealForm.loanerToggle.test.jsx > DealForm V2 - Loaner Toggle > Create mode%3A toggle on shows loaner section%2C toggle off hides and clears fields,line=43,column=20::Error: useNavigate() may be used only in the context of a <Router> component.%0A â¯ invariant node_modules/.pnpm/packages/react-router/index.tsx:19:20%0A â¯ Proxy.useNavigate node_modules/.pnpm/packages/react-router/index.tsx:457:3%0A â¯ DealForm src/pages/deals/DealForm.jsx:43:20%0A â¯ renderWithHooks node_modules/.pnpm/react-dom@18.3.1_react@18.3.1/node_modules/react-dom/cjs/react-dom.development.js:15486:18%0A â¯ mountIndeterminateComponent node_modules/.pnpm/react-dom@18.3.1_react@18.3.1/node_modules/react-dom/cjs/react-dom.development.js:20103:13%0A â¯ beginWork node_modules/.pnpm/react-dom@18.3.1_react@18.3.1/node_modules/react-dom/cjs/react-dom.development.js:21626:16%0A â¯ beginWork$1 node_modules/.pnpm/react-dom@18.3.1_react@18.3.1/node_modules/react-dom/cjs/react-dom.development.js:27465:14%0A â¯ performUnitOfWork node_modules/.pnpm/react-dom@18.3.1_react@18.3.1/node_modules/react-dom/cjs/react-dom.development.js:26599:12%0A â¯ workLoopSync node_modules/.pnpm/react-dom@18.3.1_react@18.3.1/node_modules/react-dom/cjs/react-dom.development.js:26505:5%0A â¯ renderRootSync node_modules/.pnpm/react-dom@18.3.1_react@18.3.1/node_modules/react-dom/cjs/react-dom.development.js:26473:7%0A%0A

::error file=/home/runner/work/rocket_aftermarket_tracker/rocket_aftermarket_tracker/src/pages/deals/DealForm.jsx,title=src/tests/dealForm.loanerToggle.test.jsx > DealForm V2 - Loaner Toggle > Edit mode%3A toggle off with existing loaner data hides section and clears payload,line=43,column=20::Error: useNavigate() may be used only in the context of a <Router> component.%0A â¯ invariant node_modules/.pnpm/packages/react-router/index.tsx:19:20%0A â¯ Proxy.useNavigate node_modules/.pnpm/packages/react-router/index.tsx:457:3%0A â¯ DealForm src/pages/deals/DealForm.jsx:43:20%0A â¯ renderWithHooks node_modules/.pnpm/react-dom@18.3.1_react@18.3.1/node_modules/react-dom/cjs/react-dom.development.js:15486:18%0A â¯ mountIndeterminateComponent node_modules/.pnpm/react-dom@18.3.1_react@18.3.1/node_modules/react-dom/cjs/react-dom.development.js:20103:13%0A â¯ beginWork node_modules/.pnpm/react-dom@18.3.1_react@18.3.1/node_modules/react-dom/cjs/react-dom.development.js:21626:16%0A â¯ beginWork$1 node_modules/.pnpm/react-dom@18.3.1_react@18.3.1/node_modules/react-dom/cjs/react-dom.development.js:27465:14%0A â¯ performUnitOfWork node_modules/.pnpm/react-dom@18.3.1_react@18.3.1/node_modules/react-dom/cjs/react-dom.development.js:26599:12%0A â¯ workLoopSync node_modules/.pnpm/react-dom@18.3.1_react@18.3.1/node_modules/react-dom/cjs/react-dom.development.js:26505:5%0A â¯ renderRootSync node_modules/.pnpm/react-dom@18.3.1_react@18.3.1/node_modules/react-dom/cjs/react-dom.development.js:26473:7%0A%0A

::error file=/home/runner/work/rocket_aftermarket_tracker/rocket_aftermarket_tracker/src/pages/deals/DealForm.jsx,title=src/tests/dealForm.loanerToggle.test.jsx > DealForm V2 - Loaner Toggle > Create mode with flag OFF%3A legacy behavior (no field clearing),line=43,column=20::Error: useNavigate() may be used only in the context of a <Router> component.%0A â¯ invariant node_modules/.pnpm/packages/react-router/index.tsx:19:20%0A â¯ Proxy.useNavigate node_modules/.pnpm/packages/react-router/index.tsx:457:3%0A â¯ DealForm src/pages/deals/DealForm.jsx:43:20%0A â¯ renderWithHooks node_modules/.pnpm/react-dom@18.3.1_react@18.3.1/node_modules/react-dom/cjs/react-dom.development.js:15486:18%0A â¯ mountIndeterminateComponent node_modules/.pnpm/react-dom@18.3.1_react@18.3.1/node_modules/react-dom/cjs/react-dom.development.js:20103:13%0A â¯ beginWork node_modules/.pnpm/react-dom@18.3.1_react@18.3.1/node_modules/react-dom/cjs/react-dom.development.js:21626:16%0A â¯ beginWork$1 node_modules/.pnpm/react-dom@18.3.1_react@18.3.1/node_modules/react-dom/cjs/react-dom.development.js:27465:14%0A â¯ performUnitOfWork node_modules/.pnpm/react-dom@18.3.1_react@18.3.1/node_modules/react-dom/cjs/react-dom.development.js:26599:12%0A â¯ workLoopSync node_modules/.pnpm/react-dom@18.3.1_react@18.3.1/node_modules/react-dom/cjs/react-dom.development.js:26505:5%0A â¯ renderRootSync node_modules/.pnpm/react-dom@18.3.1_react@18.3.1/node_modules/react-dom/cjs/react-dom.development.js:26473:7%0A%0A

::error file=/home/runner/work/rocket_aftermarket_tracker/rocket_aftermarket_tracker/src/tests/dealService.loanerToggle.test.jsx,title=src/tests/dealService.loanerToggle.test.jsx > DealForm Loaner Toggle > toggles loaner section visibility,line=136,column=52::AssertionError: expected <section â€¦(2)>â€¦(3)</section> to be null%0A%0A- Expected: %0Anull%0A%0A+ Received: %0A<section%0A  class="grid grid-cols-1 md:grid-cols-3 gap-4"%0A  data-testid="loaner-section"%0A>%0A  <div>%0A    <label%0A      class="block text-sm font-medium text-slate-700"%0A    >%0A      Loaner Number%0A    </label>%0A    <input%0A      class="mt-1 input-mobile w-full"%0A      data-testid="loaner-number-input"%0A      placeholder="e.g. L-1024"%0A      type="text"%0A      value=""%0A    />%0A  </div>%0A  <div>%0A    <label%0A      class="block text-sm font-medium text-slate-700"%0A    >%0A      ETA Return Date%0A    </label>%0A    <input%0A      class="mt-1 input-mobile w-full"%0A      data-testid="loaner-eta-input"%0A      type="date"%0A      value=""%0A    />%0A  </div>%0A  <div>%0A    <label%0A      class="block text-sm font-medium text-slate-700"%0A    >%0A      Notes%0A    </label>%0A    <input%0A      class="mt-1 input-mobile w-full"%0A      data-testid="loaner-notes-input"%0A      placeholder="Optional"%0A      type="text"%0A      value=""%0A    />%0A  </div>%0A</section>%0A%0A â¯ src/tests/dealService.loanerToggle.test.jsx:136:52%0A%0A

::error file=/home/runner/work/rocket_aftermarket_tracker/rocket_aftermarket_tracker/src/tests/dealService.loanerToggle.test.jsx,title=src/tests/dealService.loanerToggle.test.jsx > DealForm Loaner Toggle > renders with loaner section visible when initial has loaner data,line=170,column=34::TestingLibraryElementError: Found multiple elements by: [data-testid="loaner-section"]%0A%0AHere are the matching elements:%0A%0AIgnored nodes: comments, script, style%0A<section%0A  class="grid grid-cols-1 md:grid-cols-3 gap-4"%0A  data-testid="loaner-section"%0A>%0A  <div>%0A    <label%0A      class="block text-sm font-medium text-slate-700"%0A    >%0A      Loaner Number%0A    </label>%0A    <input%0A      class="mt-1 input-mobile w-full"%0A      data-testid="loaner-number-input"%0A      placeholder="e.g. L-1024"%0A      type="text"%0A      value=""%0A    />%0A  </div>%0A  <div>%0A    <label%0A      class="block text-sm font-medium text-slate-700"%0A    >%0A      ETA Return Date%0A    </label>%0A    <input%0A      class="mt-1 input-mobile w-full"%0A      data-testid="loaner-eta-input"%0A      type="date"%0A      value=""%0A    />%0A  </div>%0A  <div>%0A    <label%0A      class="block text-sm font-medium text-slate-700"%0A    >%0A      Notes%0A    </label>%0A    <input%0A      class="mt-1 input-mobile w-full"%0A      data-testid="loaner-notes-input"%0A      placeholder="Optional"%0A      type="text"%0A      value=""%0A    />%0A  </div>%0A</section>%0A%0AIgnored nodes: comments, script, style%0A<section%0A  class="grid grid-cols-1 md:grid-cols-3 gap-4"%0A  data-testid="loaner-section"%0A>%0A  <div>%0A    <label%0A      class="block text-sm font-medium text-slate-700"%0A    >%0A      Loaner Number%0A    </label>%0A    <input%0A      class="mt-1 input-mobile w-full"%0A      data-testid="loaner-number-input"%0A      placeholder="e.g. L-1024"%0A      type="text"%0A      value="L-1234"%0A    />%0A  </div>%0A  <div>%0A    <label%0A      class="block text-sm font-medium text-slate-700"%0A    >%0A      ETA Return Date%0A    </label>%0A    <input%0A      class="mt-1 input-mobile w-full"%0A      data-testid="loaner-eta-input"%0A      type="date"%0A      value="2024-12-01"%0A    />%0A  </div>%0A  <div>%0A    <label%0A      class="block text-sm font-medium text-slate-700"%0A    >%0A      Notes%0A    </label>%0A    <input%0A      class="mt-1 input-mobile w-full"%0A      data-testid="loaner-notes-input"%0A      placeholder="Optional"%0A      type="text"%0A      value="Test notes"%0A    />%0A  </div>%0A</section>%0A%0A(If this is intentional, then use the `*AllBy*` variant of the query (like `queryAllByText`, `getAllByText`, or `findAllByText`)).%0A%0AIgnored nodes: comments, script, style%0A<body>%0A  %0A      %0A  <div%0A    id="app"%0A  >%0A    %0A        %0A    %0A        %0A    <button%0A      data-testid="new-deal-btn"%0A      onclick="openNewDealModal()"%0A    >%0A      New Deal%0A    </button>%0A    %0A        %0A        %0A    %0A        %0A    <div%0A      id="deal-form"%0A      style="display: none;"%0A    >%0A      %0A          %0A      <form>%0A        %0A            %0A        %0A            %0A        <input%0A          data-testid="customer-name"%0A          placeholder="Customer Name"%0A        />%0A        %0A            %0A            %0A          %0A            %0A        <input%0A          data-testid="title"%0A          placeholder="Title"%0A          required=""%0A        />%0A        %0A            %0A            %0A        %0A            %0A        <select%0A          data-testid="product-select"%0A        >%0A          %0A              %0A          <option%0A            value=""%0A          >%0A            Select product%0A          </option>%0A          %0A              %0A          <option%0A            value="1"%0A          >%0A            Product 1%0A          </option>%0A          %0A            %0A        </select>%0A        %0A            %0A            %0A        %0A            %0A        <button%0A          data-testid="add-line-item-btn"%0A          disabled=""%0A          type="button"%0A        >%0A          %0A              Add Line Item%0A            %0A        </button>%0A        %0A            %0A            %0A        %0A            %0A        <input%0A          checked=""%0A          data-testid="service-location-onsite"%0A          name="serviceLocation_0"%0A          type="radio"%0A        />%0A        %0A            %0A        <input%0A          data-testid="service-location-offsite"%0A          name="serviceLocation_0"%0A          type="radio"%0A        />%0A        %0A            %0A            %0A        %0A            %0A        <select%0A          data-testid="vendor-select"%0A          style="display: none;"%0A        >%0A          %0A              %0A          <option%0A            value=""%0A          >%0A            Select vendor%0A          </option>%0A          %0A              %0A          <option%0A            value="1"%0A          >%0A            Vendor 1%0A          </option>%0A          %0A            %0A        </select>%0A        %0A            %0A            %0A        %0A            %0A        <input%0A          data-testid="loaner-checkbox"%0A          type="checkbox"%0A        />%0A        %0A            %0A            %0A        %0A            %0A        <input%0A          checked=""%0A          data-testid="scheduling-needed"%0A          name="requiresScheduling_0"%0A          type="radio"%0A        />%0A        %0A            %0A        <input%0A          data-testid="scheduling-none"%0A          name="requiresScheduling_0"%0A          type="radio"%0A        />%0A        %0A            %0A            %0A        %0A            %0A        <input%0A          data-testid="promised-date-input"%0A          required=""%0A          type="date"%0A        />%0A        %0A            %0A            %0A        %0A            %0A        <input%0A          data-testid="no-schedule-reason-input"%0A          style="display: none;"%0A          type="text"%0A        />%0A        %0A            %0A            %0A        %0A            %0A        <button%0A          data-testid="save-deal-btn"%0A          disabled=""%0A          type="submit"%0A        >%0A          %0A              Create Deal%0A            %0A        </button>%0A        %0A            %0A            %0A        %0A            %0A        <button%0A          onclick="closeModal()"%0A          type="button"%0A        >%0A          Cancel%0A        </button>%0A        %0A          %0A      </form>%0A      %0A        %0A    </div>%0A    %0A      %0A  </div>%0A  %0A    %0A  <div />%0A  <div />%0A  <div />%0A  <div>%0A    <form%0A      class="space-y-6 p-4"%0A      data-testid="deal-form"%0A    >%0A      <section%0A        class="grid grid-cols-1 md:grid-cols-3 gap-4"%0A      >%0A        <div>%0A          <label%0A            class="block text-sm font-medium text-slate-700"%0A          >%0A            Deal / Job #%0A          </label>%0A          <input%0A            class="mt-1 input-mobile w-full"%0A            data-testid="deal-number-input"%0A            placeholder="Auto or manual"%0A            type="text"%0A            value=""%0A          />%0A        </div>%0A        <div>%0A          <label%0A            class="block text-sm font-medium text-slate-700"%0A          >%0A            Stock #%0A          </label>%0A          <input%0A            class="mt-1 input-mobile w-full"%0A            data-testid="stock-number-display"%0A            placeholder="e.g. A1234"%0A            type="text"%0A            value=""%0A          />%0A        </div>%0A        <div>%0A          <label%0A            class="block text-sm font-medium text-slate-700"%0A          >%0A            Customer Mobile%0A...%0A â¯ Object.getElementError node_modules/.pnpm/@testing-library+dom@10.4.1/node_modules/@testing-library/dom/dist/config.js:37:19%0A â¯ getElementError node_modules/.pnpm/@testing-library+dom@10.4.1/node_modules/@testing-library/dom/dist/query-helpers.js:20:35%0A â¯ getMultipleElementsFoundError node_modules/.pnpm/@testing-library+dom@10.4.1/node_modules/@testing-library/dom/dist/query-helpers.js:23:10%0A â¯ node_modules/.pnpm/@testing-library+dom@10.4.1/node_modules/@testing-library/dom/dist/query-helpers.js:55:13%0A â¯ node_modules/.pnpm/@testing-library+dom@10.4.1/node_modules/@testing-library/dom/dist/query-helpers.js:95:19%0A â¯ src/tests/dealService.loanerToggle.test.jsx:170:34%0A%0A

::error file=/home/runner/work/rocket_aftermarket_tracker/rocket_aftermarket_tracker/src/tests/step12-interactive-controls.test.js,title=src/tests/step12-interactive-controls.test.js > Step 12%3A Interactive Controls & Disabled/Enabled Logic > âœ“ New Deal opens modal,line=122,column=38::AssertionError: expected "spy" to be called at least once%0A â¯ src/tests/step12-interactive-controls.test.js:122:38%0A%0A

::error file=/home/runner/work/rocket_aftermarket_tracker/rocket_aftermarket_tracker/src/tests/step12-interactive-controls.test.js,title=src/tests/step12-interactive-controls.test.js > Step 12%3A Interactive Controls & Disabled/Enabled Logic > âœ“ Cancel closes and clears transient line-item buffer,line=318,column=32::AssertionError: expected "spy" to be called at least once%0A â¯ src/tests/step12-interactive-controls.test.js:318:32%0A%0A
â€‰ELIFECYCLEâ€‰ Test failed. See above for more details.
